2026-01-13 00:00:00 [INFO] TelnetWorker: FIN ALERTE SURGE 80m: L'activité a diminué.
2026-01-13 00:00:05 [INFO] HistoryWorker: HISTORY 30min: Rotation des slots (nouveau slot pour 22:31 UTC).
2026-01-13 00:00:07 [INFO] TelnetWorker: SPOT: VE9WWA (20m, SSB) -> SPD: 26 pts (Dist: 6391km)
2026-01-13 00:00:10 [INFO] HistoryWorker: HISTORY 30min: Rotation des slots (nouveau slot pour 23:00 UTC).
2026-01-13 00:00:15 [INFO] HistoryWorker: HISTORY 30min: Rotation des slots (nouveau slot pour 23:00 UTC).
2026-01-13 00:00:20 [INFO] HistoryWorker: HISTORY 30min: Rotation des slots (nouveau slot pour 23:00 UTC).
2026-01-13 00:00:22 [INFO] TelnetWorker: SPOT: II1WWA (40m, SSB) -> SPD: 10 pts (Dist: 619km)
2026-01-13 00:00:25 [INFO] HistoryWorker: HISTORY 30min: Rotation des slots (nouveau slot pour 23:00 UTC).
2026-01-13 00:00:30 [INFO] HistoryWorker: HISTORY 30min: Rotation des slots (nouveau slot pour 23:00 UTC).
2026-01-13 00:00:35 [INFO] HistoryWorker: HISTORY 30min: Rotation des slots (nouveau slot pour 23:00 UTC).
2026-01-13 00:00:40 [INFO] HistoryWorker: HISTORY 30min: Rotation des slots (nouveau slot pour 23:00 UTC).
2026-01-13 00:00:40 [INFO] TelnetWorker: SPOT: II0WWA (40m, FT8) -> SPD: 10 pts (Dist: 619km)
2026-01-13 00:00:45 [INFO] HistoryWorker: HISTORY 30min: Rotation des slots (nouveau slot pour 23:00 UTC).
2026-01-13 00:00:50 [INFO] HistoryWorker: HISTORY 30min: Rotation des slots (nouveau slot pour 23:00 UTC).
2026-01-13 00:00:55 [INFO] HistoryWorker: HISTORY 30min: Rotation des slots (nouveau slot pour 23:00 UTC).
2026-01-13 00:01:00 [INFO] HistoryWorker: HISTORY 30min: Rotation des slots (nouveau slot pour 23:00 UTC).
2026-01-13 00:01:25 [INFO] TelnetWorker: SPOT: KD4BVG (20m, SSB) -> SPD: 27 pts (Dist: 7721km)
2026-01-13 00:01:45 [INFO] TelnetWorker: SPOT: F6CTT (80m, SSB) -> SPD: 10 pts (Dist: 365km)
2026-01-13 00:01:53 [INFO] TelnetWorker: SPOT: W4I (40m, SSB) -> SPD: 27 pts (Dist: 7155km)
2026-01-13 00:01:55 [INFO] TelnetWorker: SPOT: WI2RES/B (6m, SSB) -> SPD: 27 pts (Dist: 7721km)
2026-01-13 00:01:59 [INFO] TelnetWorker: SPOT: P40AA (15m, CW) -> SPD: 52 pts (Dist: 7846km)
2026-01-13 00:02:02 [INFO] TelnetWorker: SPOT: XQ6CF (20m, CW) -> SPD: 40 pts (Dist: 11240km)
2026-01-13 00:02:09 [INFO] TelnetWorker: SPOT: PY2HA (15m, CW) -> SPD: 53 pts (Dist: 8338km)
2026-01-13 00:02:45 [INFO] TelnetWorker: SPOT: N6W (20m, CW) -> SPD: 37 pts (Dist: 7721km)
2026-01-13 00:02:58 [INFO] TelnetWorker: SPOT: 3G9S (15m, FT8) -> SPD: 45 pts (Dist: 11240km)
2026-01-13 00:02:59 [INFO] Thread-34109 (process_request_thread): ALERTE SURGE 15m: Détectée (3 spots / min)
2026-01-13 00:03:00 [INFO] TelnetWorker: FIN ALERTE SURGE 15m: L'activité a diminué.
2026-01-13 00:03:23 [INFO] TelnetWorker: SPOT: GB2WWA (40m, FT4) -> SPD: 11 pts (Dist: 1136km)
2026-01-13 00:03:38 [INFO] TelnetWorker: SPOT: ZW5B (15m, CW) -> SPD: 53 pts (Dist: 8338km)
2026-01-13 00:03:46 [INFO] TelnetWorker: SPOT: W4I (40m, SSB) -> SPD: 27 pts (Dist: 7155km)
2026-01-13 00:03:50 [INFO] TelnetWorker: SPOT: KD9ZGA (10m, SSB) -> SPD: 42 pts (Dist: 7721km)
2026-01-13 00:03:59 [INFO] TelnetWorker: SPOT: N1W (40m, CW) -> SPD: 37 pts (Dist: 7721km)
2026-01-13 00:04:02 [INFO] TelnetWorker: SPOT: DJ9UN (80m, SSB) -> SPD: 10 pts (Dist: 915km)
2026-01-13 00:04:31 [INFO] TelnetWorker: SPOT: EM0WWA (40m, SSB) -> SPD: 16 pts (Dist: 2025km)
2026-01-13 00:04:34 [INFO] TelnetWorker: SPOT: F6CTT (80m, SSB) -> SPD: 10 pts (Dist: 365km)
2026-01-13 00:04:42 [INFO] TelnetWorker: SPOT: TA1PB (80m, CW) -> SPD: 25 pts (Dist: 1985km)
2026-01-13 00:04:44 [INFO] TelnetWorker: ALERTE SURGE 80m: Détectée (3 spots / min)
2026-01-13 00:04:45 [INFO] TelnetWorker: SPOT: KD4GE (20m, SSB) -> SPD: 27 pts (Dist: 7721km)
2026-01-13 00:05:03 [INFO] TelnetWorker: FIN ALERTE SURGE 80m: L'activité a diminué.
2026-01-13 00:05:16 [INFO] TelnetWorker: SPOT: SN3WWA (30m, FT8) -> SPD: 12 pts (Dist: 1407km)
2026-01-13 00:05:49 [INFO] TelnetWorker: SPOT: XE2YWH (6m, FT8) -> SPD: 29 pts (Dist: 9544km)
2026-01-13 00:05:49 [INFO] TelnetWorker: SPOT: SN1WWA (80m, FT4) -> SPD: 12 pts (Dist: 1407km)
2026-01-13 00:05:55 [INFO] TelnetWorker: SPOT: XQ6CF (20m, CW) -> SPD: 40 pts (Dist: 11240km)
2026-01-13 00:06:14 [INFO] TelnetWorker: SPOT: JA1XEC (12m, SSB) -> SPD: 44 pts (Dist: 9960km)
2026-01-13 00:06:20 [INFO] TelnetWorker: SPOT: KP5/NP3VI (15m, CW) -> SPD: 100 pts (Dist: 7270km)
2026-01-13 00:06:34 [INFO] TelnetWorker: SPOT: W1AW/0 (20m, FT8) -> SPD: 27 pts (Dist: 7721km)
2026-01-13 00:06:51 [INFO] TelnetWorker: SPOT: N3BEN (20m, CW) -> SPD: 37 pts (Dist: 7721km)
2026-01-13 00:07:44 [INFO] TelnetWorker: SPOT: YF9UBD (15m, FT8) -> SPD: 45 pts (Dist: 11764km)
2026-01-13 00:07:46 [INFO] TelnetWorker: SPOT: NA (20m, SSB) -> SPD: 32 pts (Dist: 7721km)
2026-01-13 00:07:58 [INFO] TelnetWorker: SPOT: K5AB (10m, CW) -> SPD: 52 pts (Dist: 7721km)
2026-01-13 00:08:27 [INFO] TelnetWorker: SPOT: KP5/NP3VI (12m, FT8) -> SPD: 100 pts (Dist: 7270km)
2026-01-13 00:09:45 [INFO] TelnetWorker: SPOT: N9W (10m, CW) -> SPD: 52 pts (Dist: 7721km)
2026-01-13 00:09:45 [INFO] TelnetWorker: SPOT: 8A1A (80m, CW) -> SPD: 40 pts (Dist: 11764km)
2026-01-13 00:09:48 [INFO] TelnetWorker: SPOT: EM0WWA (40m, CW) -> SPD: 26 pts (Dist: 2025km)
2026-01-13 00:09:50 [INFO] TelnetWorker: SPOT: PY2WQ (15m, CW) -> SPD: 53 pts (Dist: 8338km)
2026-01-13 00:09:59 [INFO] TelnetWorker: SPOT: N6W (20m, CW) -> SPD: 37 pts (Dist: 7721km)
2026-01-13 00:10:27 [INFO] TelnetWorker: SPOT: 8A1A (20m, SSB) -> SPD: 30 pts (Dist: 11764km)
2026-01-13 00:10:35 [INFO] TelnetWorker: SPOT: N1W (40m, CW) -> SPD: 37 pts (Dist: 7721km)
2026-01-13 00:11:17 [INFO] TelnetWorker: SPOT: JA3FHL (15m, SSB) -> SPD: 44 pts (Dist: 9960km)
2026-01-13 00:11:38 [INFO] TelnetWorker: SPOT: P40AA (15m, CW) -> SPD: 67 pts (Dist: 7846km)
2026-01-13 00:12:05 [INFO] TelnetWorker: SPOT: VE9WWA (20m, SSB) -> SPD: 26 pts (Dist: 6391km)
2026-01-13 00:12:11 [INFO] TelnetWorker: SPOT: W4I (15m, SSB) -> SPD: 42 pts (Dist: 7155km)
2026-01-13 00:12:13 [INFO] TelnetWorker: ALERTE SURGE 15m: Détectée (3 spots / min)
2026-01-13 00:12:16 [INFO] TelnetWorker: SPOT: 8A1A (40m, SSB) -> SPD: 30 pts (Dist: 11764km)
2026-01-13 00:12:18 [INFO] TelnetWorker: FIN ALERTE SURGE 15m: L'activité a diminué.
2026-01-13 00:12:43 [INFO] TelnetWorker: SPOT: EM0WWA (40m, CW) -> SPD: 26 pts (Dist: 2025km)
2026-01-13 00:13:20 [INFO] TelnetWorker: SPOT: PP2CS (40m, FT8) -> SPD: 28 pts (Dist: 8338km)
2026-01-13 00:13:46 [INFO] TelnetWorker: SPOT: W1AW/0 (20m, CW) -> SPD: 37 pts (Dist: 7721km)
2026-01-13 00:14:08 [INFO] TelnetWorker: SPOT: GB6WWA (80m, FT8) -> SPD: 11 pts (Dist: 1172km)
2026-01-13 00:14:25 [INFO] TelnetWorker: SPOT: N9W (10m, CW) -> SPD: 52 pts (Dist: 7721km)
2026-01-13 00:15:21 [INFO] TelnetWorker: SPOT: KB1TCD (20m, SSB) -> SPD: 32 pts (Dist: 7721km)
2026-01-13 00:15:38 [INFO] TelnetWorker: SPOT: 8A1A (20m, SSB) -> SPD: 30 pts (Dist: 11764km)
2026-01-13 00:15:47 [INFO] TelnetWorker: SPOT: 8A1A (20m, FT8) -> SPD: 30 pts (Dist: 11764km)
2026-01-13 00:16:20 [INFO] TelnetWorker: SPOT: YB5WIR (40m, FT8) -> SPD: 30 pts (Dist: 11764km)
2026-01-13 00:17:08 [INFO] TelnetWorker: SPOT: KO4FX (40m, SSB) -> SPD: 27 pts (Dist: 7721km)
2026-01-13 00:17:25 [INFO] TelnetWorker: SPOT: KP5/NP3VI (15m, CW) -> SPD: 100 pts (Dist: 7270km)
2026-01-13 00:17:26 [INFO] TelnetWorker: SPOT: CE2FHD (10m, SSB) -> SPD: 45 pts (Dist: 11240km)
2026-01-13 00:17:57 [INFO] TelnetWorker: SPOT: N0W (40m, CW) -> SPD: 37 pts (Dist: 7721km)
2026-01-13 00:18:45 [INFO] TelnetWorker: SPOT: P40AA (15m, CW) -> SPD: 52 pts (Dist: 7846km)
2026-01-13 00:18:46 [INFO] TelnetWorker: SPOT: PU3MEB (10m, SSB) -> SPD: 48 pts (Dist: 8338km)
2026-01-13 00:19:06 [INFO] TelnetWorker: SPOT: W4I (80m, SSB) -> SPD: 27 pts (Dist: 7155km)
2026-01-13 00:19:18 [INFO] TelnetWorker: SPOT: W1VEG (20m, SSB) -> SPD: 27 pts (Dist: 7721km)
2026-01-13 00:19:55 [INFO] TelnetWorker: SPOT: N9W (12m, CW) -> SPD: 52 pts (Dist: 7721km)
2026-01-13 00:20:05 [INFO] TelnetWorker: SPOT: W1AW/0 (15m, FT8) -> SPD: 42 pts (Dist: 7721km)
2026-01-13 00:20:14 [INFO] TelnetWorker: SPOT: II1WWA (80m, FT8) -> SPD: 10 pts (Dist: 619km)
2026-01-13 00:20:45 [INFO] TelnetWorker: SPOT: NP4L (40m, CW) -> SPD: 37 pts (Dist: 7155km)
2026-01-13 00:21:47 [INFO] TelnetWorker: SPOT: N0W (40m, CW) -> SPD: 37 pts (Dist: 7721km)
2026-01-13 00:21:57 [INFO] TelnetWorker: SPOT: TI2VAI (20m, SSB) -> SPD: 29 pts (Dist: 9164km)
2026-01-13 00:22:03 [INFO] TelnetWorker: SPOT: N9W (12m, CW) -> SPD: 52 pts (Dist: 7721km)
2026-01-13 00:22:18 [INFO] TelnetWorker: SPOT: JH3EUJ (15m, CW) -> SPD: 54 pts (Dist: 9960km)
2026-01-13 00:22:51 [INFO] TelnetWorker: SPOT: VE9WWA (20m, SSB) -> SPD: 31 pts (Dist: 6391km)
2026-01-13 00:22:54 [INFO] TelnetWorker: SPOT: W2FFE (80m, SSB) -> SPD: 27 pts (Dist: 7721km)
2026-01-13 00:23:02 [INFO] TelnetWorker: SPOT: 8A1A (17m, SSB) -> SPD: 30 pts (Dist: 11764km)
2026-01-13 00:23:27 [INFO] TelnetWorker: SPOT: TI2VAI (20m, SSB) -> SPD: 29 pts (Dist: 9164km)
2026-01-13 00:23:59 [INFO] TelnetWorker: SPOT: LZ1KU (80m, SSB) -> SPD: 14 pts (Dist: 1626km)
2026-01-13 00:24:43 [INFO] TickerWorker: Ticker mis à jour.
2026-01-13 00:24:47 [INFO] TelnetWorker: SPOT: N7REB (10m, FM) -> SPD: 42 pts (Dist: 7721km)
2026-01-13 00:24:51 [INFO] TelnetWorker: SPOT: W4I (17m, SSB) -> SPD: 27 pts (Dist: 7155km)
2026-01-13 00:26:27 [INFO] TelnetWorker: SPOT: JA7ZF (20m, SSB) -> SPD: 29 pts (Dist: 9960km)
2026-01-13 00:26:32 [INFO] TelnetWorker: SPOT: N9W (15m, CW) -> SPD: 52 pts (Dist: 7721km)
2026-01-13 00:26:32 [INFO] TelnetWorker: SPOT: VE9WWA (40m, CW) -> SPD: 36 pts (Dist: 6391km)
2026-01-13 00:26:51 [INFO] TelnetWorker: SPOT: K1NMF (20m, CW) -> SPD: 37 pts (Dist: 7721km)
2026-01-13 00:27:16 [INFO] TelnetWorker: SPOT: AI0M (10m, FM) -> SPD: 42 pts (Dist: 7721km)
2026-01-13 00:27:22 [INFO] TelnetWorker: SPOT: TI2VAI (20m, SSB) -> SPD: 29 pts (Dist: 9164km)
2026-01-13 00:27:24 [INFO] TelnetWorker: ALERTE SURGE 20m: Détectée (3 spots / min)
2026-01-13 00:27:25 [INFO] TelnetWorker: SPOT: ZA1A (30m, CW) -> SPD: 22 pts (Dist: 1264km)
2026-01-13 00:27:27 [INFO] TelnetWorker: FIN ALERTE SURGE 20m: L'activité a diminué.
2026-01-13 00:27:32 [INFO] TelnetWorker: SPOT: KO4FX (40m, SSB) -> SPD: 27 pts (Dist: 7721km)
2026-01-13 00:27:47 [INFO] TelnetWorker: SPOT: NA (10m, SSB) -> SPD: 47 pts (Dist: 7721km)
2026-01-13 00:27:55 [INFO] TelnetWorker: SPOT: W4I (80m, SSB) -> SPD: 27 pts (Dist: 7155km)
2026-01-13 00:28:03 [INFO] TelnetWorker: SPOT: PJ2SM (17m, FT8) -> SPD: 27 pts (Dist: 7794km)
2026-01-13 00:28:48 [INFO] TelnetWorker: SPOT: JK1LUY (20m, SSB) -> SPD: 29 pts (Dist: 9960km)
2026-01-13 00:29:05 [INFO] TelnetWorker: SPOT: KR7Q (40m, CW) -> SPD: 37 pts (Dist: 7721km)
2026-01-13 00:30:01 [INFO] TelnetWorker: SPOT: W1AW/0 (20m, CW) -> SPD: 37 pts (Dist: 7721km)
2026-01-13 00:30:05 [INFO] HistoryWorker: HISTORY 30min: Rotation des slots (nouveau slot pour 23:01 UTC).
2026-01-13 00:30:10 [INFO] HistoryWorker: HISTORY 30min: Rotation des slots (nouveau slot pour 23:30 UTC).
2026-01-13 00:30:15 [INFO] HistoryWorker: HISTORY 30min: Rotation des slots (nouveau slot pour 23:30 UTC).
2026-01-13 00:30:20 [INFO] HistoryWorker: HISTORY 30min: Rotation des slots (nouveau slot pour 23:30 UTC).
2026-01-13 00:30:25 [INFO] HistoryWorker: HISTORY 30min: Rotation des slots (nouveau slot pour 23:30 UTC).
2026-01-13 00:30:30 [INFO] HistoryWorker: HISTORY 30min: Rotation des slots (nouveau slot pour 23:30 UTC).
2026-01-13 00:30:35 [INFO] HistoryWorker: HISTORY 30min: Rotation des slots (nouveau slot pour 23:30 UTC).
2026-01-13 00:30:40 [INFO] HistoryWorker: HISTORY 30min: Rotation des slots (nouveau slot pour 23:30 UTC).
2026-01-13 00:30:45 [INFO] HistoryWorker: HISTORY 30min: Rotation des slots (nouveau slot pour 23:30 UTC).
2026-01-13 00:30:50 [INFO] HistoryWorker: HISTORY 30min: Rotation des slots (nouveau slot pour 23:30 UTC).
2026-01-13 00:30:55 [INFO] HistoryWorker: HISTORY 30min: Rotation des slots (nouveau slot pour 23:30 UTC).
2026-01-13 00:30:56 [INFO] TelnetWorker: SPOT: 8A1A (20m, FT8) -> SPD: 30 pts (Dist: 11764km)
2026-01-13 00:31:00 [INFO] HistoryWorker: HISTORY 30min: Rotation des slots (nouveau slot pour 23:30 UTC).
2026-01-13 00:31:00 [INFO] TelnetWorker: SPOT: 8A1A (10m, SSB) -> SPD: 45 pts (Dist: 11764km)
2026-01-13 00:31:46 [INFO] TelnetWorker: SPOT: HK0RMR (10m, SSB) -> SPD: 43 pts (Dist: 8789km)
2026-01-13 00:31:52 [INFO] TelnetWorker: SPOT: KD4CKL (20m, SSB) -> SPD: 27 pts (Dist: 7721km)
2026-01-13 00:32:12 [INFO] TelnetWorker: SPOT: P40AA (15m, CW) -> SPD: 67 pts (Dist: 7846km)
2026-01-13 00:32:14 [INFO] TelnetWorker: SPOT: N9W (20m, CW) -> SPD: 37 pts (Dist: 7721km)
2026-01-13 00:32:36 [INFO] TelnetWorker: SPOT: VE9WWA (80m, SSB) -> SPD: 26 pts (Dist: 6391km)
2026-01-13 00:33:09 [INFO] TelnetWorker: SPOT: PP5KP (15m, CW) -> SPD: 53 pts (Dist: 8338km)
2026-01-13 00:34:03 [INFO] TelnetWorker: SPOT: N9W (20m, CW) -> SPD: 37 pts (Dist: 7721km)
2026-01-13 00:34:09 [INFO] TelnetWorker: SPOT: E2WWA (40m, FT8) -> SPD: 29 pts (Dist: 9420km)
2026-01-13 00:35:33 [INFO] TelnetWorker: SPOT: LZ1KU (80m, SSB) -> SPD: 19 pts (Dist: 1626km)
2026-01-13 00:35:48 [INFO] TelnetWorker: SPOT: JA2KNW (20m, SSB) -> SPD: 29 pts (Dist: 9960km)
2026-01-13 00:35:55 [INFO] TelnetWorker: SPOT: II1WWA (80m, FT8) -> SPD: 10 pts (Dist: 619km)
2026-01-13 00:35:59 [INFO] TelnetWorker: SPOT: 9Y4C (20m, SSB) -> SPD: 27 pts (Dist: 7309km)
2026-01-13 00:36:16 [INFO] TelnetWorker: SPOT: II2WWA (40m, CW) -> SPD: 20 pts (Dist: 619km)
2026-01-13 00:36:18 [INFO] TelnetWorker: SPOT: 5K6RM (15m, FT8) -> SPD: 43 pts (Dist: 8739km)
2026-01-13 00:36:31 [INFO] TelnetWorker: SPOT: VE7VAK/W7 (20m, SSB) -> SPD: 26 pts (Dist: 6391km)
2026-01-13 00:36:43 [INFO] TelnetWorker: SPOT: KF0LDG (20m, SSB) -> SPD: 27 pts (Dist: 7721km)
2026-01-13 00:36:45 [INFO] TelnetWorker: ALERTE SURGE 20m: Détectée (4 spots / min)
2026-01-13 00:36:47 [INFO] TelnetWorker: SPOT: GB2WWA (80m, SSB) -> SPD: 11 pts (Dist: 1136km)
2026-01-13 00:36:49 [INFO] TelnetWorker: FIN ALERTE SURGE 20m: L'activité a diminué.
2026-01-13 00:38:00 [INFO] TelnetWorker: SPOT: II4WWA (40m, SSB) -> SPD: 10 pts (Dist: 619km)
2026-01-13 00:38:46 [INFO] TelnetWorker: SPOT: 4U1WB (15m, FT8) -> SPD: 100 pts (Dist: 7721km)
2026-01-13 00:39:37 [INFO] TelnetWorker: SPOT: A43WWA (40m, FT4) -> SPD: 24 pts (Dist: 5326km)
2026-01-13 00:40:47 [INFO] TelnetWorker: SPOT: LU7YZ (15m, CW) -> SPD: 55 pts (Dist: 10852km)
2026-01-13 00:41:09 [INFO] TelnetWorker: SPOT: J38WG (60m, FT8) -> SPD: 27 pts (Dist: 7208km)
2026-01-13 00:41:30 [INFO] TelnetWorker: SPOT: VE7VAK/W7 (20m, SSB) -> SPD: 26 pts (Dist: 6391km)
2026-01-13 00:41:37 [INFO] TelnetWorker: SPOT: LR1WWA (15m, CW) -> SPD: 70 pts (Dist: 10852km)
2026-01-13 00:41:47 [INFO] TelnetWorker: SPOT: LR1WWA (20m, SSB) -> SPD: 30 pts (Dist: 10852km)
2026-01-13 00:42:12 [INFO] TelnetWorker: SPOT: KD4CKL (20m, SSB) -> SPD: 27 pts (Dist: 7721km)
2026-01-13 00:42:14 [INFO] TelnetWorker: ALERTE SURGE 20m: Détectée (3 spots / min)
2026-01-13 00:42:30 [INFO] TelnetWorker: FIN ALERTE SURGE 20m: L'activité a diminué.
2026-01-13 00:43:08 [INFO] TelnetWorker: SPOT: LU7WDM (10m, FT8) -> SPD: 45 pts (Dist: 10852km)
2026-01-13 00:43:18 [INFO] TelnetWorker: SPOT: P40AA (17m, CW) -> SPD: 37 pts (Dist: 7846km)
2026-01-13 00:43:47 [INFO] TelnetWorker: SPOT: WP3HM (10m, SSB) -> SPD: 42 pts (Dist: 7155km)
2026-01-13 00:44:27 [INFO] TelnetWorker: SPOT: YV4GAC (10m, SSB) -> SPD: 42 pts (Dist: 7867km)
2026-01-13 00:44:46 [INFO] TelnetWorker: SPOT: W1AW/2 (40m, SSB) -> SPD: 27 pts (Dist: 7721km)
2026-01-13 00:45:23 [INFO] TelnetWorker: SPOT: II2WWA (40m, CW) -> SPD: 20 pts (Dist: 619km)
2026-01-13 00:45:29 [INFO] TelnetWorker: SPOT: 9M8WWA (40m, FT8) -> SPD: 30 pts (Dist: 11262km)
2026-01-13 00:45:31 [INFO] TelnetWorker: ALERTE SURGE 40m: Détectée (3 spots / min)
2026-01-13 00:45:47 [INFO] TelnetWorker: SPOT: N9W (15m, CW) -> SPD: 52 pts (Dist: 7721km)
2026-01-13 00:45:49 [INFO] TelnetWorker: FIN ALERTE SURGE 40m: L'activité a diminué.
2026-01-13 00:46:04 [INFO] TelnetWorker: SPOT: 8A1A (20m, FT8) -> SPD: 30 pts (Dist: 11764km)
2026-01-13 00:46:16 [INFO] TelnetWorker: SPOT: LR1WWA (20m, SSB) -> SPD: 30 pts (Dist: 10852km)
2026-01-13 00:46:17 [INFO] TelnetWorker: SPOT: P40AA (17m, CW) -> SPD: 37 pts (Dist: 7846km)
2026-01-13 00:46:24 [INFO] TelnetWorker: SPOT: VE1CWJ (160m, SSB) -> SPD: 26 pts (Dist: 6391km)
2026-01-13 00:46:33 [INFO] TelnetWorker: SPOT: W4I (20m, SSB) -> SPD: 27 pts (Dist: 7155km)
2026-01-13 00:46:34 [INFO] Thread-35427 (process_request_thread): ALERTE SURGE 20m: Détectée (3 spots / min)
2026-01-13 00:46:44 [INFO] TelnetWorker: SPOT: BI4SSB (20m, CW) -> SPD: 37 pts (Dist: 7844km)
2026-01-13 00:47:16 [INFO] TelnetWorker: FIN ALERTE SURGE 20m: L'activité a diminué.
2026-01-13 00:47:43 [INFO] TelnetWorker: SPOT: GB2WWA (40m, FT4) -> SPD: 11 pts (Dist: 1136km)
2026-01-13 00:47:49 [INFO] TelnetWorker: SPOT: TI5KLH (6m, FT8) -> SPD: 29 pts (Dist: 9164km)
2026-01-13 00:48:19 [INFO] TelnetWorker: SPOT: JA1ULF (15m, CW) -> SPD: 54 pts (Dist: 9960km)
2026-01-13 00:48:41 [INFO] TelnetWorker: SPOT: A61FJ (40m, FT8) -> SPD: 23 pts (Dist: 4935km)
2026-01-13 00:48:44 [INFO] TelnetWorker: SPOT: LR1WWA (10m, SSB) -> SPD: 45 pts (Dist: 10852km)
2026-01-13 00:49:14 [INFO] TelnetWorker: SPOT: OA4DKN (20m, SSB) -> SPD: 35 pts (Dist: 10057km)
2026-01-13 00:49:26 [INFO] TelnetWorker: SPOT: VA3PPZ (20m, SSB) -> SPD: 26 pts (Dist: 6391km)
2026-01-13 00:49:37 [INFO] TelnetWorker: SPOT: P40AA (17m, CW) -> SPD: 37 pts (Dist: 7846km)
2026-01-13 00:50:01 [INFO] TelnetWorker: SPOT: N9W (40m, CW) -> SPD: 37 pts (Dist: 7721km)
2026-01-13 00:50:26 [INFO] TelnetWorker: SPOT: BI4SSB (40m, CW) -> SPD: 37 pts (Dist: 7844km)
2026-01-13 00:50:38 [INFO] TelnetWorker: SPOT: KF8EYE (20m, SSB) -> SPD: 27 pts (Dist: 7721km)
2026-01-13 00:51:24 [INFO] TelnetWorker: SPOT: 8A1A (Unknown, SSB) -> SPD: 30 pts (Dist: 11764km)
2026-01-13 00:51:42 [INFO] TelnetWorker: SPOT: W4I (20m, SSB) -> SPD: 27 pts (Dist: 7155km)
2026-01-13 00:51:46 [INFO] TelnetWorker: SPOT: N1W (10m, SSB) -> SPD: 42 pts (Dist: 7721km)
2026-01-13 00:52:13 [INFO] TelnetWorker: SPOT: 2EYCCD (40m, FT8) -> SPD: 11 pts (Dist: 1136km)
2026-01-13 00:52:35 [INFO] TelnetWorker: SPOT: HI5MAH (30m, FT4) -> SPD: 27 pts (Dist: 7420km)
2026-01-13 00:52:49 [INFO] TelnetWorker: SPOT: NP3VI (15m, CW) -> SPD: 52 pts (Dist: 7155km)
2026-01-13 00:52:54 [INFO] TelnetWorker: SPOT: 8A1A (15m, CW) -> SPD: 55 pts (Dist: 11764km)
2026-01-13 00:54:33 [INFO] TelnetWorker: SPOT: BI4SSB (17m, CW) -> SPD: 37 pts (Dist: 7844km)
2026-01-13 00:54:36 [INFO] SolarWorker: SOLAR updated: SFI=113 A=17 K=3.00 (Kp=3.0)
2026-01-13 00:54:37 [INFO] TelnetWorker: SPOT: N9W (17m, SSB) -> SPD: 27 pts (Dist: 7721km)
2026-01-13 00:54:43 [INFO] TickerWorker: Ticker mis à jour.
2026-01-13 00:55:17 [INFO] TelnetWorker: SPOT: LR1WWA (20m, SSB) -> SPD: 35 pts (Dist: 10852km)
2026-01-13 00:55:36 [INFO] TelnetWorker: SPOT: P40AA (17m, CW) -> SPD: 52 pts (Dist: 7846km)
2026-01-13 00:56:03 [INFO] TelnetWorker: SPOT: LZ0A (15m, SSB) -> SPD: 29 pts (Dist: 1626km)
2026-01-13 00:56:04 [INFO] TelnetWorker: SPOT: PA0WPD (20m, SSB) -> SPD: 10 pts (Dist: 977km)
2026-01-13 00:56:04 [INFO] TelnetWorker: SPOT: ZL3NW (6m, SSB) -> SPD: 30 pts (Dist: 19005km)
2026-01-13 00:56:13 [INFO] TelnetWorker: SPOT: BA3RA (20m, CW) -> SPD: 37 pts (Dist: 7844km)
2026-01-13 00:56:15 [INFO] TelnetWorker: ALERTE SURGE 20m: Détectée (3 spots / min)
2026-01-13 00:56:17 [INFO] TelnetWorker: FIN ALERTE SURGE 20m: L'activité a diminué.
2026-01-13 00:56:29 [INFO] TelnetWorker: SPOT: VK5PO (6m, SSB) -> SPD: 30 pts (Dist: 14767km)
2026-01-13 00:56:49 [INFO] TelnetWorker: SPOT: 5W1SA (17m, SSB) -> SPD: 30 pts (Dist: 16712km)
2026-01-13 00:56:57 [INFO] TelnetWorker: SPOT: P40AA (30m, CW) -> SPD: 37 pts (Dist: 7846km)
2026-01-13 00:57:00 [INFO] TelnetWorker: SPOT: CE3WB (20m, SSB) -> SPD: 35 pts (Dist: 11240km)
2026-01-13 00:57:02 [INFO] TelnetWorker: ALERTE SURGE 20m: Détectée (3 spots / min)
2026-01-13 00:57:04 [INFO] TelnetWorker: SPOT: W1AW/2 (40m, FT8) -> SPD: 27 pts (Dist: 7721km)
2026-01-13 00:57:06 [INFO] Thread-35742 (process_request_thread): FIN ALERTE SURGE 20m: L'activité a diminué.
2026-01-13 00:58:20 [INFO] TelnetWorker: SPOT: W1AW/2 (20m, SSB) -> SPD: 27 pts (Dist: 7721km)
2026-01-13 00:58:22 [INFO] TelnetWorker: SPOT: LR1WWA (10m, CW) -> SPD: 55 pts (Dist: 10852km)
2026-01-13 00:58:33 [INFO] TelnetWorker: SPOT: N9W (20m, CW) -> SPD: 37 pts (Dist: 7721km)
2026-01-13 00:58:51 [INFO] TelnetWorker: SPOT: P40AA (30m, CW) -> SPD: 37 pts (Dist: 7846km)
2026-01-13 00:59:02 [INFO] TelnetWorker: SPOT: VE9TG (160m, FT8) -> SPD: 26 pts (Dist: 6391km)
2026-01-13 00:59:08 [INFO] TelnetWorker: SPOT: KP3IV (17m, FT8) -> SPD: 27 pts (Dist: 7155km)
2026-01-13 00:59:34 [INFO] TelnetWorker: SPOT: W1AW/4 (20m, FT4) -> SPD: 27 pts (Dist: 7721km)
2026-01-13 00:59:36 [INFO] TelnetWorker: SPOT: TY5AD (20m, FT8) -> SPD: 21 pts (Dist: 3749km)
2026-01-13 00:59:46 [INFO] TelnetWorker: SPOT: LR1WWA (20m, SSB) -> SPD: 30 pts (Dist: 10852km)
2026-01-13 00:59:54 [INFO] TelnetWorker: SPOT: JG7AJE (15m, CW) -> SPD: 54 pts (Dist: 9960km)
2026-01-13 01:00:05 [INFO] HistoryWorker: HISTORY 30min: Rotation des slots (nouveau slot pour 23:31 UTC).
2026-01-13 01:00:07 [INFO] TelnetWorker: SPOT: BY5HB (20m, CW) -> SPD: 37 pts (Dist: 7844km)
2026-01-13 01:00:09 [INFO] TelnetWorker: ALERTE SURGE 20m: Détectée (4 spots / min)
2026-01-13 01:00:10 [INFO] HistoryWorker: HISTORY 30min: Rotation des slots (nouveau slot pour 00:00 UTC).
2026-01-13 01:00:15 [INFO] HistoryWorker: HISTORY 30min: Rotation des slots (nouveau slot pour 00:00 UTC).
2026-01-13 01:00:20 [INFO] HistoryWorker: HISTORY 30min: Rotation des slots (nouveau slot pour 00:00 UTC).
2026-01-13 01:00:25 [INFO] HistoryWorker: HISTORY 30min: Rotation des slots (nouveau slot pour 00:00 UTC).
2026-01-13 01:00:30 [INFO] HistoryWorker: HISTORY 30min: Rotation des slots (nouveau slot pour 00:00 UTC).
2026-01-13 01:00:35 [INFO] HistoryWorker: HISTORY 30min: Rotation des slots (nouveau slot pour 00:00 UTC).
2026-01-13 01:00:35 [INFO] TelnetWorker: FIN ALERTE SURGE 20m: L'activité a diminué.
2026-01-13 01:00:40 [INFO] HistoryWorker: HISTORY 30min: Rotation des slots (nouveau slot pour 00:00 UTC).
2026-01-13 01:00:45 [INFO] HistoryWorker: HISTORY 30min: Rotation des slots (nouveau slot pour 00:00 UTC).
2026-01-13 01:00:50 [INFO] HistoryWorker: HISTORY 30min: Rotation des slots (nouveau slot pour 00:00 UTC).
2026-01-13 01:00:55 [INFO] HistoryWorker: HISTORY 30min: Rotation des slots (nouveau slot pour 00:00 UTC).
2026-01-13 01:01:00 [INFO] HistoryWorker: HISTORY 30min: Rotation des slots (nouveau slot pour 00:00 UTC).
2026-01-13 01:01:31 [INFO] TelnetWorker: SPOT: K4YT (20m, SSB) -> SPD: 27 pts (Dist: 7721km)
2026-01-13 01:01:32 [INFO] TelnetWorker: SPOT: BY2WL (40m, CW) -> SPD: 37 pts (Dist: 7844km)
2026-01-13 01:01:34 [INFO] TelnetWorker: SPOT: CR2WWA (80m, FT4) -> SPD: 18 pts (Dist: 2735km)
2026-01-13 01:02:06 [INFO] TelnetWorker: SPOT: OZ1AFR (40m, FT8) -> SPD: 13 pts (Dist: 1435km)
2026-01-13 01:02:39 [INFO] TelnetWorker: SPOT: BI4SSB (12m, CW) -> SPD: 52 pts (Dist: 7844km)
2026-01-13 01:02:59 [INFO] TelnetWorker: SPOT: W4I (20m, SSB) -> SPD: 27 pts (Dist: 7155km)
2026-01-13 01:03:11 [INFO] TelnetWorker: SPOT: VE9WWA (20m, SSB) -> SPD: 26 pts (Dist: 6391km)
2026-01-13 01:03:39 [INFO] TelnetWorker: SPOT: 8A1A (40m, FT4) -> SPD: 30 pts (Dist: 11764km)
2026-01-13 01:04:05 [INFO] TelnetWorker: SPOT: PJ2SM (17m, FT8) -> SPD: 27 pts (Dist: 7794km)
2026-01-13 01:04:13 [INFO] TelnetWorker: SPOT: W1AW/4 (20m, FT4) -> SPD: 27 pts (Dist: 7721km)
2026-01-13 01:04:21 [INFO] TelnetWorker: SPOT: W4I (20m, SSB) -> SPD: 27 pts (Dist: 7155km)
2026-01-13 01:04:59 [INFO] TelnetWorker: SPOT: W1AW/2 (20m, SSB) -> SPD: 27 pts (Dist: 7721km)
2026-01-13 01:05:14 [INFO] TelnetWorker: SPOT: K4TH (20m, SSB) -> SPD: 27 pts (Dist: 7721km)
2026-01-13 01:06:27 [INFO] TelnetWorker: SPOT: J38WG (80m, SSB) -> SPD: 27 pts (Dist: 7208km)
2026-01-13 01:06:34 [INFO] TelnetWorker: SPOT: ZW5B (17m, FT8) -> SPD: 28 pts (Dist: 8338km)
2026-01-13 01:07:39 [INFO] TelnetWorker: SPOT: N9W (40m, CW) -> SPD: 37 pts (Dist: 7721km)
2026-01-13 01:08:41 [INFO] TelnetWorker: SPOT: CE3WB (20m, SSB) -> SPD: 30 pts (Dist: 11240km)
2026-01-13 01:10:21 [INFO] TelnetWorker: SPOT: W1AW/4 (20m, FT4) -> SPD: 27 pts (Dist: 7721km)
2026-01-13 01:10:59 [INFO] TelnetWorker: SPOT: N9W (20m, CW) -> SPD: 37 pts (Dist: 7721km)
2026-01-13 01:12:09 [INFO] TelnetWorker: SPOT: N4W (20m, FM) -> SPD: 27 pts (Dist: 7721km)
2026-01-13 01:12:37 [INFO] TelnetWorker: SPOT: RW6HP (40m, FT8) -> SPD: 19 pts (Dist: 2865km)
2026-01-13 01:12:42 [INFO] TelnetWorker: SPOT: KO4FX (40m, SSB) -> SPD: 27 pts (Dist: 7721km)
2026-01-13 01:14:06 [INFO] TelnetWorker: SPOT: KP5/NP3VI (15m, CW) -> SPD: 100 pts (Dist: 7270km)
2026-01-13 01:14:34 [INFO] TelnetWorker: SPOT: BY2WL (30m, CW) -> SPD: 37 pts (Dist: 7844km)
2026-01-13 01:14:55 [INFO] TelnetWorker: SPOT: P40AA (20m, CW) -> SPD: 37 pts (Dist: 7846km)
2026-01-13 01:15:08 [INFO] TelnetWorker: SPOT: BA3RA (20m, CW) -> SPD: 37 pts (Dist: 7844km)
2026-01-13 01:15:28 [INFO] TelnetWorker: SPOT: W1AW/2 (40m, SSB) -> SPD: 27 pts (Dist: 7721km)
2026-01-13 01:15:34 [INFO] TelnetWorker: SPOT: PY2JY (20m, SSB) -> SPD: 28 pts (Dist: 8338km)
2026-01-13 01:15:36 [INFO] TelnetWorker: ALERTE SURGE 20m: Détectée (3 spots / min)
2026-01-13 01:15:56 [INFO] TelnetWorker: FIN ALERTE SURGE 20m: L'activité a diminué.
2026-01-13 01:16:20 [INFO] TelnetWorker: SPOT: EG1WWA (80m, FT8) -> SPD: 10 pts (Dist: 782km)
2026-01-13 01:17:41 [INFO] TelnetWorker: SPOT: KP5/NP3VI (15m, CW) -> SPD: 100 pts (Dist: 7270km)
2026-01-13 01:17:44 [INFO] TelnetWorker: SPOT: BY5HB (15m, CW) -> SPD: 52 pts (Dist: 7844km)
2026-01-13 01:17:59 [INFO] TelnetWorker: SPOT: J38WG (40m, SSB) -> SPD: 27 pts (Dist: 7208km)
2026-01-13 01:18:41 [INFO] TelnetWorker: SPOT: P40AA (20m, CW) -> SPD: 52 pts (Dist: 7846km)
2026-01-13 01:19:28 [INFO] TelnetWorker: SPOT: W5FOM (20m, SSB) -> SPD: 27 pts (Dist: 7721km)
2026-01-13 01:19:46 [INFO] TelnetWorker: SPOT: XQ6CF (30m, CW) -> SPD: 40 pts (Dist: 11240km)
2026-01-13 01:20:24 [INFO] TelnetWorker: SPOT: P40AA (20m, CW) -> SPD: 52 pts (Dist: 7846km)
2026-01-13 01:20:55 [INFO] TelnetWorker: SPOT: N9W (40m, FT8) -> SPD: 27 pts (Dist: 7721km)
2026-01-13 01:21:12 [INFO] TelnetWorker: SPOT: BA3RA (20m, CW) -> SPD: 37 pts (Dist: 7844km)
2026-01-13 01:21:46 [INFO] TelnetWorker: SPOT: 6Y5DH (40m, SSB) -> SPD: 28 pts (Dist: 8031km)
2026-01-13 01:22:47 [INFO] TelnetWorker: SPOT: XV9R (15m, SSB) -> SPD: 44 pts (Dist: 9806km)
2026-01-13 01:23:31 [INFO] TelnetWorker: SPOT: BA3RA (20m, CW) -> SPD: 37 pts (Dist: 7844km)
2026-01-13 01:23:35 [INFO] TelnetWorker: SPOT: 8A1A (40m, SSB) -> SPD: 30 pts (Dist: 11764km)
2026-01-13 01:23:45 [INFO] TelnetWorker: SPOT: KD4MZM (20m, FT4) -> SPD: 27 pts (Dist: 7721km)
2026-01-13 01:23:47 [INFO] TelnetWorker: SPOT: VR2VAZ (15m, SSB) -> SPD: 44 pts (Dist: 9750km)
2026-01-13 01:24:29 [INFO] TelnetWorker: SPOT: HS0ZME (15m, CW) -> SPD: 54 pts (Dist: 9420km)
2026-01-13 01:24:34 [INFO] TelnetWorker: SPOT: VE9WWA (80m, SSB) -> SPD: 26 pts (Dist: 6391km)
2026-01-13 01:24:43 [INFO] TickerWorker: Ticker mis à jour.
2026-01-13 01:24:49 [INFO] TelnetWorker: SPOT: BD6JO (15m, SSB) -> SPD: 42 pts (Dist: 7844km)
2026-01-13 01:24:51 [INFO] TelnetWorker: SPOT: BY2WL (20m, CW) -> SPD: 37 pts (Dist: 7844km)
2026-01-13 01:24:53 [INFO] TelnetWorker: SPOT: HK3LUI (20m, SSB) -> SPD: 28 pts (Dist: 8739km)
2026-01-13 01:24:57 [INFO] TelnetWorker: SPOT: LZ0A (15m, FT8) -> SPD: 29 pts (Dist: 1626km)
2026-01-13 01:24:59 [INFO] TelnetWorker: ALERTE SURGE 15m: Détectée (3 spots / min)
2026-01-13 01:25:09 [INFO] TelnetWorker: SPOT: P40AA (20m, CW) -> SPD: 52 pts (Dist: 7846km)
2026-01-13 01:25:11 [INFO] TelnetWorker: SPOT: BY1RX (40m, CW) -> SPD: 37 pts (Dist: 7844km)
2026-01-13 01:25:21 [INFO] TelnetWorker: ALERTE SURGE 20m: Détectée (3 spots / min)
2026-01-13 01:25:30 [INFO] TelnetWorker: FIN ALERTE SURGE 15m: L'activité a diminué.
2026-01-13 01:25:45 [INFO] TelnetWorker: SPOT: AF5T (20m, FT4) -> SPD: 27 pts (Dist: 7721km)
2026-01-13 01:25:45 [INFO] TelnetWorker: SPOT: KP5/NP3VI (15m, CW) -> SPD: 100 pts (Dist: 7270km)
2026-01-13 01:25:47 [INFO] TelnetWorker: ALERTE SURGE 15m: Détectée (3 spots / min)
2026-01-13 01:25:48 [INFO] TelnetWorker: SPOT: II1WWA (40m, FT8) -> SPD: 10 pts (Dist: 619km)
2026-01-13 01:25:50 [INFO] TelnetWorker: FIN ALERTE SURGE 15m: L'activité a diminué.
2026-01-13 01:25:52 [INFO] TelnetWorker: FIN ALERTE SURGE 20m: L'activité a diminué.
2026-01-13 01:27:23 [INFO] TelnetWorker: SPOT: BH1OHX (15m, SSB) -> SPD: 42 pts (Dist: 7844km)
2026-01-13 01:27:32 [INFO] TelnetWorker: SPOT: HS0ZMY (40m, SSB) -> SPD: 29 pts (Dist: 9420km)
2026-01-13 01:28:12 [INFO] TelnetWorker: SPOT: LR1WWA (20m, SSB) -> SPD: 30 pts (Dist: 10852km)
2026-01-13 01:28:47 [INFO] TelnetWorker: SPOT: BD8ALS (15m, SSB) -> SPD: 42 pts (Dist: 7844km)
2026-01-13 01:29:47 [INFO] TelnetWorker: SPOT: JH1WGV (15m, SSB) -> SPD: 44 pts (Dist: 9960km)
2026-01-13 01:30:05 [INFO] HistoryWorker: HISTORY 30min: Rotation des slots (nouveau slot pour 00:01 UTC).
2026-01-13 01:30:10 [INFO] HistoryWorker: HISTORY 30min: Rotation des slots (nouveau slot pour 00:30 UTC).
2026-01-13 01:30:15 [INFO] HistoryWorker: HISTORY 30min: Rotation des slots (nouveau slot pour 00:30 UTC).
2026-01-13 01:30:20 [INFO] HistoryWorker: HISTORY 30min: Rotation des slots (nouveau slot pour 00:30 UTC).
2026-01-13 01:30:25 [INFO] HistoryWorker: HISTORY 30min: Rotation des slots (nouveau slot pour 00:30 UTC).
2026-01-13 01:30:30 [INFO] HistoryWorker: HISTORY 30min: Rotation des slots (nouveau slot pour 00:30 UTC).
2026-01-13 01:30:35 [INFO] HistoryWorker: HISTORY 30min: Rotation des slots (nouveau slot pour 00:30 UTC).
2026-01-13 01:30:40 [INFO] HistoryWorker: HISTORY 30min: Rotation des slots (nouveau slot pour 00:30 UTC).
2026-01-13 01:30:41 [INFO] TelnetWorker: SPOT: N9W (17m, CW) -> SPD: 37 pts (Dist: 7721km)
2026-01-13 01:30:45 [INFO] HistoryWorker: HISTORY 30min: Rotation des slots (nouveau slot pour 00:30 UTC).
2026-01-13 01:30:50 [INFO] HistoryWorker: HISTORY 30min: Rotation des slots (nouveau slot pour 00:30 UTC).
2026-01-13 01:30:55 [INFO] HistoryWorker: HISTORY 30min: Rotation des slots (nouveau slot pour 00:30 UTC).
2026-01-13 01:31:00 [INFO] HistoryWorker: HISTORY 30min: Rotation des slots (nouveau slot pour 00:30 UTC).
2026-01-13 01:31:18 [INFO] TelnetWorker: SPOT: JH1DSX (15m, SSB) -> SPD: 44 pts (Dist: 9960km)
2026-01-13 01:31:20 [INFO] TelnetWorker: SPOT: BY5HB (17m, CW) -> SPD: 37 pts (Dist: 7844km)
2026-01-13 01:31:36 [INFO] TelnetWorker: SPOT: W1AW/0 (30m, FT8) -> SPD: 27 pts (Dist: 7721km)
2026-01-13 01:31:59 [INFO] TelnetWorker: SPOT: N4W (40m, CW) -> SPD: 37 pts (Dist: 7721km)
2026-01-13 01:32:03 [INFO] TelnetWorker: SPOT: CE2TP (20m, SSB) -> SPD: 30 pts (Dist: 11240km)
2026-01-13 01:32:04 [INFO] TelnetWorker: SPOT: LR1WWA (40m, SSB) -> SPD: 30 pts (Dist: 10852km)
2026-01-13 01:32:17 [INFO] TelnetWorker: SPOT: W1AW/0 (40m, SSB) -> SPD: 27 pts (Dist: 7721km)
2026-01-13 01:32:18 [INFO] TelnetWorker: SPOT: JA6TXU (15m, SSB) -> SPD: 44 pts (Dist: 9960km)
2026-01-13 01:32:20 [INFO] TelnetWorker: ALERTE SURGE 40m: Détectée (3 spots / min)
2026-01-13 01:33:00 [INFO] TelnetWorker: FIN ALERTE SURGE 40m: L'activité a diminué.
2026-01-13 01:33:27 [INFO] TelnetWorker: SPOT: 8A1A (40m, FT4) -> SPD: 30 pts (Dist: 11764km)
2026-01-13 01:33:29 [INFO] TelnetWorker: SPOT: BA3RA (40m, CW) -> SPD: 37 pts (Dist: 7844km)
2026-01-13 01:34:04 [INFO] TelnetWorker: SPOT: 8A1A (20m, FT8) -> SPD: 30 pts (Dist: 11764km)
2026-01-13 01:34:38 [INFO] TelnetWorker: SPOT: VK3PF (17m, CW) -> SPD: 40 pts (Dist: 14767km)
2026-01-13 01:34:47 [INFO] TelnetWorker: SPOT: JH1CJQ (15m, SSB) -> SPD: 44 pts (Dist: 9960km)
2026-01-13 01:35:56 [INFO] TelnetWorker: SPOT: HK0/DF3TJ (17m, FT8) -> SPD: 28 pts (Dist: 8789km)
2026-01-13 01:36:17 [INFO] TelnetWorker: SPOT: P40AA (20m, CW) -> SPD: 57 pts (Dist: 7846km)
2026-01-13 01:36:42 [INFO] TelnetWorker: SPOT: N9W (40m, FT8) -> SPD: 27 pts (Dist: 7721km)
2026-01-13 01:37:52 [INFO] TelnetWorker: SPOT: BY5HB (15m, CW) -> SPD: 52 pts (Dist: 7844km)
2026-01-13 01:37:52 [INFO] TelnetWorker: SPOT: TG9AUO (15m, SSB) -> SPD: 44 pts (Dist: 9245km)
2026-01-13 01:38:28 [INFO] TelnetWorker: SPOT: BY2WL (17m, CW) -> SPD: 37 pts (Dist: 7844km)
2026-01-13 01:39:11 [INFO] TelnetWorker: SPOT: CE3WB (20m, SSB) -> SPD: 30 pts (Dist: 11240km)
2026-01-13 01:39:19 [INFO] TelnetWorker: SPOT: FY/PY8WW (12m, SSB) -> SPD: 43 pts (Dist: 8338km)
2026-01-13 01:39:20 [INFO] TelnetWorker: SPOT: VE9WWA (80m, SSB) -> SPD: 26 pts (Dist: 6391km)
2026-01-13 01:40:17 [INFO] TelnetWorker: SPOT: JA8IML (15m, SSB) -> SPD: 44 pts (Dist: 9960km)
2026-01-13 01:41:59 [INFO] TelnetWorker: SPOT: YB1LBW (40m, FT4) -> SPD: 30 pts (Dist: 11764km)
2026-01-13 01:42:00 [INFO] TelnetWorker: SPOT: N1W (80m, CW) -> SPD: 37 pts (Dist: 7721km)
2026-01-13 01:42:22 [INFO] TelnetWorker: SPOT: BA3RA (40m, CW) -> SPD: 37 pts (Dist: 7844km)
2026-01-13 01:42:32 [INFO] TelnetWorker: SPOT: LU5HGD (15m, FT8) -> SPD: 45 pts (Dist: 10852km)
2026-01-13 01:42:59 [INFO] TelnetWorker: SPOT: KE0WPA (40m, SSB) -> SPD: 27 pts (Dist: 7721km)
2026-01-13 01:43:05 [INFO] TelnetWorker: SPOT: PD1UFI (40m, FT8) -> SPD: 10 pts (Dist: 977km)
2026-01-13 01:43:07 [INFO] TelnetWorker: ALERTE SURGE 40m: Détectée (3 spots / min)
2026-01-13 01:43:23 [INFO] TelnetWorker: FIN ALERTE SURGE 40m: L'activité a diminué.
2026-01-13 01:44:20 [INFO] TelnetWorker: SPOT: 8A1A (15m, SSB) -> SPD: 45 pts (Dist: 11764km)
2026-01-13 01:44:23 [INFO] TelnetWorker: SPOT: KP5/NP3VI (15m, CW) -> SPD: 100 pts (Dist: 7270km)
2026-01-13 01:44:41 [INFO] TelnetWorker: SPOT: W6CSN (20m, CW) -> SPD: 37 pts (Dist: 7721km)
2026-01-13 01:44:46 [INFO] TelnetWorker: SPOT: T88HS (15m, SSB) -> SPD: 100 pts (Dist: 12412km)
2026-01-13 01:44:48 [INFO] TelnetWorker: ALERTE SURGE 15m: Détectée (3 spots / min)
2026-01-13 01:45:20 [INFO] TelnetWorker: FIN ALERTE SURGE 15m: L'activité a diminué.
2026-01-13 01:45:49 [INFO] TelnetWorker: SPOT: JH2NKE (15m, SSB) -> SPD: 44 pts (Dist: 9960km)
2026-01-13 01:45:58 [INFO] TelnetWorker: SPOT: VK3PF (15m, CW) -> SPD: 55 pts (Dist: 14767km)
2026-01-13 01:46:47 [INFO] TelnetWorker: SPOT: VK2MBK (15m, SSB) -> SPD: 45 pts (Dist: 14767km)
2026-01-13 01:47:32 [INFO] TelnetWorker: SPOT: BY1RX (30m, CW) -> SPD: 37 pts (Dist: 7844km)
2026-01-13 01:47:47 [INFO] TelnetWorker: SPOT: YC7ONI (15m, SSB) -> SPD: 45 pts (Dist: 11764km)
2026-01-13 01:47:47 [INFO] TelnetWorker: SPOT: 8A1A (Unknown, SSB) -> SPD: 30 pts (Dist: 11764km)
2026-01-13 01:48:32 [INFO] TelnetWorker: SPOT: N1W (80m, CW) -> SPD: 37 pts (Dist: 7721km)
2026-01-13 01:48:48 [INFO] TelnetWorker: SPOT: BG6HVT (15m, SSB) -> SPD: 42 pts (Dist: 7844km)
2026-01-13 01:49:07 [INFO] TelnetWorker: SPOT: BY2WL (40m, CW) -> SPD: 37 pts (Dist: 7844km)
2026-01-13 01:49:09 [INFO] TelnetWorker: SPOT: BY2WL (15m, SSB) -> SPD: 42 pts (Dist: 7844km)
2026-01-13 01:49:27 [INFO] TelnetWorker: SPOT: N1W (40m, CW) -> SPD: 37 pts (Dist: 7721km)
2026-01-13 01:49:42 [INFO] TelnetWorker: SPOT: W1AW/0 (40m, SSB) -> SPD: 27 pts (Dist: 7721km)
2026-01-13 01:49:43 [INFO] Thread-37323 (process_request_thread): ALERTE SURGE 40m: Détectée (3 spots / min)
2026-01-13 01:49:47 [INFO] TelnetWorker: SPOT: JA1MUX (15m, SSB) -> SPD: 44 pts (Dist: 9960km)
2026-01-13 01:49:55 [INFO] TelnetWorker: SPOT: BY5HB (20m, CW) -> SPD: 37 pts (Dist: 7844km)
2026-01-13 01:50:05 [INFO] TelnetWorker: SPOT: BA3RA (40m, CW) -> SPD: 37 pts (Dist: 7844km)
2026-01-13 01:50:29 [INFO] TelnetWorker: FIN ALERTE SURGE 40m: L'activité a diminué.
2026-01-13 01:50:59 [INFO] TelnetWorker: SPOT: 8A1A (15m, CW) -> SPD: 55 pts (Dist: 11764km)
2026-01-13 01:51:00 [INFO] TelnetWorker: SPOT: W1AW/0 (40m, SSB) -> SPD: 27 pts (Dist: 7721km)
2026-01-13 01:52:00 [INFO] TelnetWorker: SPOT: 8A1A (40m, FT4) -> SPD: 30 pts (Dist: 11764km)
2026-01-13 01:52:01 [INFO] TelnetWorker: SPOT: 8A1A (15m, CW) -> SPD: 55 pts (Dist: 11764km)
2026-01-13 01:52:18 [INFO] TelnetWorker: SPOT: KP5/NP3VI (20m, CW) -> SPD: 100 pts (Dist: 7270km)
2026-01-13 01:52:18 [INFO] TelnetWorker: SPOT: W1AW/2 (40m, SSB) -> SPD: 27 pts (Dist: 7721km)
2026-01-13 01:52:49 [INFO] TelnetWorker: SPOT: VR2VGM (15m, SSB) -> SPD: 44 pts (Dist: 9750km)
2026-01-13 01:52:56 [INFO] TelnetWorker: SPOT: 8A1A (17m, FT8) -> SPD: 30 pts (Dist: 11764km)
2026-01-13 01:53:18 [INFO] TelnetWorker: SPOT: CX5FK (20m, CW) -> SPD: 40 pts (Dist: 10518km)
2026-01-13 01:53:24 [INFO] TelnetWorker: SPOT: 8A1A (40m, FT8) -> SPD: 30 pts (Dist: 11764km)
2026-01-13 01:53:49 [INFO] TelnetWorker: SPOT: YB1YCI (15m, SSB) -> SPD: 45 pts (Dist: 11764km)
2026-01-13 01:54:00 [INFO] TelnetWorker: SPOT: YU2MS (40m, FT8) -> SPD: 12 pts (Dist: 1284km)
2026-01-13 01:54:37 [INFO] SolarWorker: SOLAR updated: SFI=113 A=18 K=4.33 (Kp=4.33)
2026-01-13 01:54:43 [INFO] TelnetWorker: SPOT: VK3PF (20m, SSB) -> SPD: 30 pts (Dist: 14767km)
2026-01-13 01:54:43 [INFO] TickerWorker: Ticker mis à jour.
2026-01-13 01:54:48 [INFO] TelnetWorker: SPOT: JA8EAB (15m, SSB) -> SPD: 44 pts (Dist: 9960km)
2026-01-13 01:54:55 [INFO] TelnetWorker: SPOT: 9M8WWA (40m, FT8) -> SPD: 30 pts (Dist: 11262km)
2026-01-13 01:54:58 [INFO] TelnetWorker: SPOT: XQ3YT (20m, SSB) -> SPD: 30 pts (Dist: 11240km)
2026-01-13 01:55:07 [INFO] TelnetWorker: SPOT: K0GU (6m, SSB) -> SPD: 27 pts (Dist: 7721km)
2026-01-13 01:55:14 [INFO] TelnetWorker: SPOT: WB7CJO (6m, SSB) -> SPD: 27 pts (Dist: 7721km)
2026-01-13 01:55:25 [INFO] TelnetWorker: SPOT: BY2WL (20m, CW) -> SPD: 37 pts (Dist: 7844km)
2026-01-13 01:55:27 [INFO] TelnetWorker: ALERTE SURGE 20m: Détectée (3 spots / min)
2026-01-13 01:55:39 [INFO] TelnetWorker: SPOT: CR6WWA (40m, SSB) -> SPD: 11 pts (Dist: 1169km)
2026-01-13 01:55:40 [INFO] TelnetWorker: SPOT: N6W (20m, CW) -> SPD: 37 pts (Dist: 7721km)
2026-01-13 01:55:58 [INFO] TelnetWorker: FIN ALERTE SURGE 20m: L'activité a diminué.
2026-01-13 01:56:16 [INFO] TelnetWorker: SPOT: VE9WWA (80m, SSB) -> SPD: 26 pts (Dist: 6391km)
2026-01-13 01:56:27 [INFO] TelnetWorker: SPOT: W1AW/4 (20m, FT4) -> SPD: 27 pts (Dist: 7721km)
2026-01-13 01:56:59 [INFO] TelnetWorker: SPOT: VE3OZW (80m, SSB) -> SPD: 26 pts (Dist: 6391km)
2026-01-13 01:57:19 [INFO] TelnetWorker: SPOT: W1AW/0 (40m, SSB) -> SPD: 27 pts (Dist: 7721km)
2026-01-13 01:57:33 [INFO] TelnetWorker: SPOT: HC2GRC (40m, CW) -> SPD: 39 pts (Dist: 9583km)
2026-01-13 01:57:37 [INFO] TelnetWorker: SPOT: VA3KTJ (40m, SSB) -> SPD: 26 pts (Dist: 6391km)
2026-01-13 01:57:45 [INFO] TelnetWorker: SPOT: 3G9S (15m, FT8) -> SPD: 45 pts (Dist: 11240km)
2026-01-13 01:58:03 [INFO] TelnetWorker: SPOT: N4WFU (40m, SSB) -> SPD: 27 pts (Dist: 7721km)
2026-01-13 01:58:05 [INFO] TelnetWorker: ALERTE SURGE 40m: Détectée (4 spots / min)
2026-01-13 01:58:21 [INFO] TelnetWorker: FIN ALERTE SURGE 40m: L'activité a diminué.
2026-01-13 01:58:53 [INFO] TelnetWorker: SPOT: 8A1A (20m, CW) -> SPD: 40 pts (Dist: 11764km)
2026-01-13 01:59:57 [INFO] TelnetWorker: SPOT: 8A1A (20m, FT8) -> SPD: 30 pts (Dist: 11764km)
2026-01-13 02:00:05 [INFO] HistoryWorker: HISTORY 30min: Rotation des slots (nouveau slot pour 00:31 UTC).
2026-01-13 02:00:10 [INFO] HistoryWorker: HISTORY 30min: Rotation des slots (nouveau slot pour 01:00 UTC).
2026-01-13 02:00:15 [INFO] HistoryWorker: HISTORY 30min: Rotation des slots (nouveau slot pour 01:00 UTC).
2026-01-13 02:00:20 [INFO] HistoryWorker: HISTORY 30min: Rotation des slots (nouveau slot pour 01:00 UTC).
2026-01-13 02:00:25 [INFO] HistoryWorker: HISTORY 30min: Rotation des slots (nouveau slot pour 01:00 UTC).
2026-01-13 02:00:30 [INFO] HistoryWorker: HISTORY 30min: Rotation des slots (nouveau slot pour 01:00 UTC).
2026-01-13 02:00:35 [INFO] HistoryWorker: HISTORY 30min: Rotation des slots (nouveau slot pour 01:00 UTC).
2026-01-13 02:00:40 [INFO] HistoryWorker: HISTORY 30min: Rotation des slots (nouveau slot pour 01:00 UTC).
2026-01-13 02:00:45 [INFO] HistoryWorker: HISTORY 30min: Rotation des slots (nouveau slot pour 01:00 UTC).
2026-01-13 02:00:50 [INFO] HistoryWorker: HISTORY 30min: Rotation des slots (nouveau slot pour 01:00 UTC).
2026-01-13 02:00:55 [INFO] HistoryWorker: HISTORY 30min: Rotation des slots (nouveau slot pour 01:00 UTC).
2026-01-13 02:01:00 [INFO] HistoryWorker: HISTORY 30min: Rotation des slots (nouveau slot pour 01:00 UTC).
2026-01-13 02:01:18 [INFO] TelnetWorker: SPOT: KP5/NP3VI (17m, SSB) -> SPD: 100 pts (Dist: 7270km)
2026-01-13 02:02:32 [INFO] TelnetWorker: SPOT: KP5/NP3VI (20m, CW) -> SPD: 100 pts (Dist: 7270km)
2026-01-13 02:02:48 [INFO] TelnetWorker: SPOT: 8A1A (20m, CW) -> SPD: 40 pts (Dist: 11764km)
2026-01-13 02:02:49 [INFO] TelnetWorker: SPOT: HA7TM (80m, FT8) -> SPD: 11 pts (Dist: 1185km)
2026-01-13 02:04:15 [INFO] TelnetWorker: SPOT: KP5/NP3VI (20m, CW) -> SPD: 100 pts (Dist: 7270km)
2026-01-13 02:06:18 [INFO] TelnetWorker: SPOT: EM0WWA (40m, SSB) -> SPD: 16 pts (Dist: 2025km)
2026-01-13 02:06:33 [INFO] TelnetWorker: SPOT: KF8EYE (40m, SSB) -> SPD: 32 pts (Dist: 7721km)
2026-01-13 02:06:35 [INFO] TelnetWorker: SPOT: VE9WWA (40m, SSB) -> SPD: 26 pts (Dist: 6391km)
2026-01-13 02:06:37 [INFO] TelnetWorker: ALERTE SURGE 40m: Détectée (3 spots / min)
2026-01-13 02:06:59 [INFO] TelnetWorker: SPOT: BY1RX (20m, CW) -> SPD: 37 pts (Dist: 7844km)
2026-01-13 02:07:07 [INFO] TelnetWorker: SPOT: N6W (40m, CW) -> SPD: 37 pts (Dist: 7721km)
2026-01-13 02:07:08 [INFO] TelnetWorker: SPOT: BY2WL (20m, SSB) -> SPD: 27 pts (Dist: 7844km)
2026-01-13 02:07:32 [INFO] TelnetWorker: SPOT: EA4HPY (40m, SSB) -> SPD: 10 pts (Dist: 782km)
2026-01-13 02:07:36 [INFO] TelnetWorker: FIN ALERTE SURGE 40m: L'activité a diminué.
2026-01-13 02:08:37 [INFO] TelnetWorker: SPOT: N4W (40m, CW) -> SPD: 37 pts (Dist: 7721km)
2026-01-13 02:08:57 [INFO] TelnetWorker: SPOT: ZW5B (20m, FT8) -> SPD: 28 pts (Dist: 8338km)
2026-01-13 02:09:17 [INFO] TelnetWorker: SPOT: CR2WWA (40m, SSB) -> SPD: 18 pts (Dist: 2735km)
2026-01-13 02:09:43 [INFO] TelnetWorker: SPOT: N6W (40m, SSB) -> SPD: 27 pts (Dist: 7721km)
2026-01-13 02:10:21 [INFO] TelnetWorker: SPOT: 8A1A (17m, FT8) -> SPD: 30 pts (Dist: 11764km)
2026-01-13 02:10:53 [INFO] TelnetWorker: SPOT: J38WG (40m, SSB) -> SPD: 27 pts (Dist: 7208km)
2026-01-13 02:11:06 [INFO] TelnetWorker: SPOT: VK3PF (20m, CW) -> SPD: 40 pts (Dist: 14767km)
2026-01-13 02:11:45 [INFO] TelnetWorker: SPOT: BI4SSB (20m, CW) -> SPD: 37 pts (Dist: 7844km)
2026-01-13 02:11:53 [INFO] TelnetWorker: SPOT: TI5RTZ (15m, FT8) -> SPD: 44 pts (Dist: 9164km)
2026-01-13 02:12:52 [INFO] TelnetWorker: SPOT: N4W (4m, SSB) -> SPD: 57 pts (Dist: 7721km)
2026-01-13 02:13:53 [INFO] TelnetWorker: SPOT: DU0WWA (20m, FT8) -> SPD: 30 pts (Dist: 11070km)
2026-01-13 02:14:03 [INFO] TelnetWorker: SPOT: JA2XLV (15m, SSB) -> SPD: 44 pts (Dist: 9960km)
2026-01-13 02:14:05 [INFO] TelnetWorker: SPOT: CE8EIO (15m, FT4) -> SPD: 45 pts (Dist: 11240km)
2026-01-13 02:14:12 [INFO] TelnetWorker: SPOT: XQ3YT (20m, SSB) -> SPD: 30 pts (Dist: 11240km)
2026-01-13 02:14:26 [INFO] TelnetWorker: SPOT: DO5OT (80m, FT8) -> SPD: 10 pts (Dist: 915km)
2026-01-13 02:15:01 [INFO] TelnetWorker: SPOT: VP8ON (30m, FT4) -> SPD: 95 pts (Dist: 12220km)
2026-01-13 02:15:23 [INFO] TelnetWorker: SPOT: PY7ZC (30m, FT4) -> SPD: 28 pts (Dist: 8338km)
2026-01-13 02:15:47 [INFO] TelnetWorker: SPOT: KP5/NP3VI2 (20m, CW) -> SPD: 100 pts (Dist: 7270km)
2026-01-13 02:16:04 [INFO] TelnetWorker: SPOT: J88IH (6m, FT8) -> SPD: 27 pts (Dist: 7087km)
2026-01-13 02:17:06 [INFO] TelnetWorker: SPOT: BI4SSB (20m, SSTV) -> SPD: 27 pts (Dist: 7844km)
2026-01-13 02:18:33 [INFO] TelnetWorker: SPOT: 3G9S (15m, SSB) -> SPD: 45 pts (Dist: 11240km)
2026-01-13 02:18:53 [INFO] TelnetWorker: SPOT: N4W (40m, CW) -> SPD: 37 pts (Dist: 7721km)
2026-01-13 02:19:18 [INFO] TelnetWorker: SPOT: HI8ESF (30m, FT4) -> SPD: 27 pts (Dist: 7420km)
2026-01-13 02:19:51 [INFO] TelnetWorker: SPOT: BY1RX (17m, CW) -> SPD: 37 pts (Dist: 7844km)
2026-01-13 02:20:09 [INFO] TelnetWorker: SPOT: PY3FG (40m, CW) -> SPD: 38 pts (Dist: 8338km)
2026-01-13 02:20:23 [INFO] TelnetWorker: SPOT: W4I (20m, SSB) -> SPD: 27 pts (Dist: 7155km)
2026-01-13 02:20:48 [INFO] TelnetWorker: SPOT: ZL1BD (15m, SSB) -> SPD: 45 pts (Dist: 19005km)
2026-01-13 02:21:15 [INFO] TelnetWorker: SPOT: EB3JT (80m, FT8) -> SPD: 10 pts (Dist: 782km)
2026-01-13 02:22:00 [INFO] TelnetWorker: SPOT: 8A1A (40m, FT4) -> SPD: 30 pts (Dist: 11764km)
2026-01-13 02:22:03 [INFO] TelnetWorker: SPOT: 8A1A (20m, FT8) -> SPD: 30 pts (Dist: 11764km)
2026-01-13 02:22:46 [INFO] TelnetWorker: SPOT: E2WWA (15m, FT8) -> SPD: 44 pts (Dist: 9420km)
2026-01-13 02:22:48 [INFO] TelnetWorker: SPOT: PJ7F (40m, CW) -> SPD: 36 pts (Dist: 6883km)
2026-01-13 02:23:36 [INFO] TelnetWorker: SPOT: W4I (20m, SSB) -> SPD: 27 pts (Dist: 7155km)
2026-01-13 02:24:11 [INFO] TelnetWorker: SPOT: N4W (40m, SSB) -> SPD: 27 pts (Dist: 7721km)
2026-01-13 02:24:44 [INFO] TickerWorker: Ticker mis à jour.
2026-01-13 02:24:47 [INFO] TelnetWorker: SPOT: KO4HUO (40m, SSB) -> SPD: 27 pts (Dist: 7721km)
2026-01-13 02:24:51 [INFO] TelnetWorker: SPOT: N6W (40m, SSB) -> SPD: 27 pts (Dist: 7721km)
2026-01-13 02:24:53 [INFO] TelnetWorker: ALERTE SURGE 40m: Détectée (3 spots / min)
2026-01-13 02:25:04 [INFO] TelnetWorker: SPOT: W4I (40m, SSB) -> SPD: 27 pts (Dist: 7155km)
2026-01-13 02:25:27 [INFO] TelnetWorker: SPOT: 8A1A (17m, FT8) -> SPD: 30 pts (Dist: 11764km)
2026-01-13 02:25:47 [INFO] TelnetWorker: FIN ALERTE SURGE 40m: L'activité a diminué.
2026-01-13 02:27:27 [INFO] TelnetWorker: SPOT: W1AW/4 (20m, FT4) -> SPD: 27 pts (Dist: 7721km)
2026-01-13 02:28:39 [INFO] TelnetWorker: SPOT: FM5BH (40m, CW) -> SPD: 36 pts (Dist: 6964km)
2026-01-13 02:30:00 [INFO] TelnetWorker: SPOT: HK0/DF3TJ (40m, CW) -> SPD: 38 pts (Dist: 8789km)
2026-01-13 02:30:05 [INFO] HistoryWorker: HISTORY 30min: Rotation des slots (nouveau slot pour 01:01 UTC).
2026-01-13 02:30:10 [INFO] HistoryWorker: HISTORY 30min: Rotation des slots (nouveau slot pour 01:30 UTC).
2026-01-13 02:30:15 [INFO] HistoryWorker: HISTORY 30min: Rotation des slots (nouveau slot pour 01:30 UTC).
2026-01-13 02:30:20 [INFO] HistoryWorker: HISTORY 30min: Rotation des slots (nouveau slot pour 01:30 UTC).
2026-01-13 02:30:25 [INFO] HistoryWorker: HISTORY 30min: Rotation des slots (nouveau slot pour 01:30 UTC).
2026-01-13 02:30:30 [INFO] HistoryWorker: HISTORY 30min: Rotation des slots (nouveau slot pour 01:30 UTC).
2026-01-13 02:30:35 [INFO] HistoryWorker: HISTORY 30min: Rotation des slots (nouveau slot pour 01:30 UTC).
2026-01-13 02:30:40 [INFO] HistoryWorker: HISTORY 30min: Rotation des slots (nouveau slot pour 01:30 UTC).
2026-01-13 02:30:45 [INFO] HistoryWorker: HISTORY 30min: Rotation des slots (nouveau slot pour 01:30 UTC).
2026-01-13 02:30:50 [INFO] HistoryWorker: HISTORY 30min: Rotation des slots (nouveau slot pour 01:30 UTC).
2026-01-13 02:30:55 [INFO] HistoryWorker: HISTORY 30min: Rotation des slots (nouveau slot pour 01:30 UTC).
2026-01-13 02:31:00 [INFO] HistoryWorker: HISTORY 30min: Rotation des slots (nouveau slot pour 01:30 UTC).
2026-01-13 02:31:47 [INFO] TelnetWorker: SPOT: CR6WWA (40m, FT4) -> SPD: 11 pts (Dist: 1169km)
2026-01-13 02:31:54 [INFO] TelnetWorker: SPOT: VK4KTD (15m, FT8) -> SPD: 45 pts (Dist: 14767km)
2026-01-13 02:32:12 [INFO] TelnetWorker: SPOT: VK3PF (40m, CW) -> SPD: 40 pts (Dist: 14767km)
2026-01-13 02:32:13 [INFO] TelnetWorker: SPOT: PJ7F (40m, CW) -> SPD: 36 pts (Dist: 6883km)
2026-01-13 02:32:15 [INFO] TelnetWorker: ALERTE SURGE 40m: Détectée (3 spots / min)
2026-01-13 02:32:33 [INFO] TelnetWorker: SPOT: W0CC (40m, CW) -> SPD: 37 pts (Dist: 7721km)
2026-01-13 02:32:38 [INFO] TelnetWorker: SPOT: ZL3TE (15m, SSB) -> SPD: 45 pts (Dist: 19005km)
2026-01-13 02:33:12 [INFO] TelnetWorker: FIN ALERTE SURGE 40m: L'activité a diminué.
2026-01-13 02:33:19 [INFO] TelnetWorker: SPOT: N6W (20m, SSB) -> SPD: 27 pts (Dist: 7721km)
2026-01-13 02:33:25 [INFO] TelnetWorker: SPOT: W1AW/0 (30m, SSB) -> SPD: 27 pts (Dist: 7721km)
2026-01-13 02:33:38 [INFO] TelnetWorker: SPOT: W1AW/4 (30m, FT4) -> SPD: 27 pts (Dist: 7721km)
2026-01-13 02:34:30 [INFO] TelnetWorker: SPOT: BI4SSB (20m, CW) -> SPD: 37 pts (Dist: 7844km)
2026-01-13 02:34:42 [INFO] TelnetWorker: SPOT: GB2WWA (40m, FT4) -> SPD: 11 pts (Dist: 1136km)
2026-01-13 02:35:25 [INFO] TelnetWorker: SPOT: VP8ON (30m, SSB) -> SPD: 95 pts (Dist: 12220km)
2026-01-13 02:35:42 [INFO] TelnetWorker: SPOT: PJ2SM (20m, SSB) -> SPD: 27 pts (Dist: 7794km)
2026-01-13 02:37:02 [INFO] TelnetWorker: SPOT: CR6WWA (30m, FT8) -> SPD: 11 pts (Dist: 1169km)
2026-01-13 02:37:31 [INFO] TelnetWorker: SPOT: PJ7F (40m, CW) -> SPD: 36 pts (Dist: 6883km)
2026-01-13 02:38:46 [INFO] TelnetWorker: SPOT: KP5/NP3VI (17m, SSB) -> SPD: 92 pts (Dist: 7270km)
2026-01-13 02:38:48 [INFO] TelnetWorker: SPOT: KP5/N3VI (17m, SSB) -> SPD: 92 pts (Dist: 7270km)
2026-01-13 02:39:17 [INFO] TelnetWorker: SPOT: 6W/DB1RUL (40m, FT8) -> SPD: 21 pts (Dist: 3656km)
2026-01-13 02:40:34 [INFO] TelnetWorker: SPOT: W1AW/2 (40m, SSB) -> SPD: 27 pts (Dist: 7721km)
2026-01-13 02:40:47 [INFO] TelnetWorker: SPOT: PJ7F (40m, CW) -> SPD: 36 pts (Dist: 6883km)
2026-01-13 02:40:58 [INFO] TelnetWorker: SPOT: 8A1A (17m, FT8) -> SPD: 30 pts (Dist: 11764km)
2026-01-13 02:41:07 [INFO] TelnetWorker: SPOT: BI4SSB (10m, CW) -> SPD: 52 pts (Dist: 7844km)
2026-01-13 02:42:35 [INFO] TelnetWorker: SPOT: E2WWA (15m, FT8) -> SPD: 44 pts (Dist: 9420km)
2026-01-13 02:42:46 [INFO] TelnetWorker: SPOT: VK4KTD (10m, FT8) -> SPD: 45 pts (Dist: 14767km)
2026-01-13 02:42:55 [INFO] TelnetWorker: SPOT: BY1RX (15m, CW) -> SPD: 52 pts (Dist: 7844km)
2026-01-13 02:42:57 [INFO] TelnetWorker: SPOT: KW8N (20m, SSB) -> SPD: 27 pts (Dist: 7721km)
2026-01-13 02:43:14 [INFO] TelnetWorker: SPOT: HK0/DF3TJ (20m, SSB) -> SPD: 28 pts (Dist: 8789km)
2026-01-13 02:43:20 [INFO] TelnetWorker: SPOT: CT1FSG (20m, FT8) -> SPD: 11 pts (Dist: 1169km)
2026-01-13 02:43:20 [INFO] Thread-38935 (process_request_thread): ALERTE SURGE 20m: Détectée (3 spots / min)
2026-01-13 02:43:58 [INFO] TelnetWorker: FIN ALERTE SURGE 20m: L'activité a diminué.
2026-01-13 02:44:05 [INFO] TelnetWorker: SPOT: A43WWA (17m, SSB) -> SPD: 24 pts (Dist: 5326km)
2026-01-13 02:44:54 [INFO] TelnetWorker: SPOT: FS5GL (40m, FT4) -> SPD: 26 pts (Dist: 6879km)
2026-01-13 02:45:08 [INFO] TelnetWorker: SPOT: KP5/NP3VI (20m, CW) -> SPD: 100 pts (Dist: 7270km)
2026-01-13 02:45:26 [INFO] TelnetWorker: SPOT: W1AW/0 (40m, RTTY) -> SPD: 27 pts (Dist: 7721km)
2026-01-13 02:46:02 [INFO] TelnetWorker: SPOT: II4WWA (80m, FT4) -> SPD: 10 pts (Dist: 619km)
2026-01-13 02:46:28 [INFO] TelnetWorker: SPOT: 8A1A (10m, FT8) -> SPD: 45 pts (Dist: 11764km)
2026-01-13 02:47:18 [INFO] TelnetWorker: SPOT: KP5/NP3VI (20m, CW) -> SPD: 100 pts (Dist: 7270km)
2026-01-13 02:47:32 [INFO] TelnetWorker: SPOT: 3G9S (20m, FT8) -> SPD: 30 pts (Dist: 11240km)
2026-01-13 02:47:35 [INFO] TelnetWorker: SPOT: 4V1L (20m, SSB) -> SPD: 27 pts (Dist: 7548km)
2026-01-13 02:47:37 [INFO] TelnetWorker: ALERTE SURGE 20m: Détectée (3 spots / min)
2026-01-13 02:48:19 [INFO] TelnetWorker: FIN ALERTE SURGE 20m: L'activité a diminué.
2026-01-13 02:48:32 [INFO] TelnetWorker: SPOT: 8A1A (40m, SSB) -> SPD: 30 pts (Dist: 11764km)
2026-01-13 02:49:23 [INFO] TelnetWorker: SPOT: HK0/DF3TJ (20m, FT8) -> SPD: 28 pts (Dist: 8789km)
2026-01-13 02:49:24 [INFO] TelnetWorker: SPOT: KB4FSU (20m, SSB) -> SPD: 27 pts (Dist: 7721km)
2026-01-13 02:50:36 [INFO] TelnetWorker: SPOT: PJ7F (40m, CW) -> SPD: 36 pts (Dist: 6883km)
2026-01-13 02:50:51 [INFO] TelnetWorker: SPOT: KP5/NP3VI (20m, CW) -> SPD: 100 pts (Dist: 7270km)
2026-01-13 02:51:02 [INFO] TelnetWorker: SPOT: F1PBZ (40m, SSB) -> SPD: 10 pts (Dist: 365km)
2026-01-13 02:51:11 [INFO] TelnetWorker: SPOT: CX6AV (20m, SSB) -> SPD: 30 pts (Dist: 10518km)
2026-01-13 02:52:07 [INFO] TelnetWorker: SPOT: ZL1PWD (12m, FT8) -> SPD: 45 pts (Dist: 19005km)
2026-01-13 02:52:40 [INFO] TelnetWorker: SPOT: EX2G (40m, FT8) -> SPD: 24 pts (Dist: 5492km)
2026-01-13 02:52:58 [INFO] TelnetWorker: SPOT: CR2WWA (40m, SSB) -> SPD: 18 pts (Dist: 2735km)
2026-01-13 02:53:03 [INFO] TelnetWorker: SPOT: PJ7F (40m, CW) -> SPD: 36 pts (Dist: 6883km)
2026-01-13 02:53:05 [INFO] TelnetWorker: ALERTE SURGE 40m: Détectée (3 spots / min)
2026-01-13 02:53:08 [INFO] TelnetWorker: SPOT: K4C (40m, SSB) -> SPD: 27 pts (Dist: 7721km)
2026-01-13 02:53:39 [INFO] TelnetWorker: SPOT: BY1RX (12m, CW) -> SPD: 52 pts (Dist: 7844km)
2026-01-13 02:53:58 [INFO] TelnetWorker: SPOT: W1AW/0 (80m, FT8) -> SPD: 27 pts (Dist: 7721km)
2026-01-13 02:54:00 [INFO] TelnetWorker: FIN ALERTE SURGE 40m: L'activité a diminué.
2026-01-13 02:54:12 [INFO] TelnetWorker: SPOT: BI4SSB (15m, FT8) -> SPD: 42 pts (Dist: 7844km)
2026-01-13 02:54:37 [INFO] SolarWorker: SOLAR updated: SFI=113 A=18 K=4.33 (Kp=4.33)
2026-01-13 02:54:44 [INFO] TickerWorker: Ticker mis à jour.
2026-01-13 02:55:35 [INFO] TelnetWorker: SPOT: N6W (40m, SSB) -> SPD: 27 pts (Dist: 7721km)
2026-01-13 02:56:18 [INFO] TelnetWorker: SPOT: II4WWA (80m, FT8) -> SPD: 10 pts (Dist: 619km)
2026-01-13 02:57:18 [INFO] TelnetWorker: SPOT: 6W/DB1RUL (40m, SSB) -> SPD: 21 pts (Dist: 3656km)
2026-01-13 02:57:58 [INFO] TelnetWorker: SPOT: GB2WWA (80m, FT4) -> SPD: 11 pts (Dist: 1136km)
2026-01-13 02:58:40 [INFO] TelnetWorker: SPOT: 8A1A (17m, FT8) -> SPD: 30 pts (Dist: 11764km)
2026-01-13 02:59:16 [INFO] TelnetWorker: SPOT: KP5/NP3VI (17m, SSB) -> SPD: 92 pts (Dist: 7270km)
2026-01-13 02:59:57 [INFO] TelnetWorker: SPOT: W1AW/2 (40m, SSB) -> SPD: 27 pts (Dist: 7721km)
2026-01-13 02:59:58 [INFO] TelnetWorker: SPOT: W1AW/4 (80m, FT8) -> SPD: 27 pts (Dist: 7721km)
2026-01-13 03:00:05 [INFO] HistoryWorker: HISTORY 30min: Rotation des slots (nouveau slot pour 01:31 UTC).
2026-01-13 03:00:10 [INFO] HistoryWorker: HISTORY 30min: Rotation des slots (nouveau slot pour 02:00 UTC).
2026-01-13 03:00:15 [INFO] HistoryWorker: HISTORY 30min: Rotation des slots (nouveau slot pour 02:00 UTC).
2026-01-13 03:00:20 [INFO] HistoryWorker: HISTORY 30min: Rotation des slots (nouveau slot pour 02:00 UTC).
2026-01-13 03:00:25 [INFO] HistoryWorker: HISTORY 30min: Rotation des slots (nouveau slot pour 02:00 UTC).
2026-01-13 03:00:30 [INFO] HistoryWorker: HISTORY 30min: Rotation des slots (nouveau slot pour 02:00 UTC).
2026-01-13 03:00:35 [INFO] HistoryWorker: HISTORY 30min: Rotation des slots (nouveau slot pour 02:00 UTC).
2026-01-13 03:00:40 [INFO] HistoryWorker: HISTORY 30min: Rotation des slots (nouveau slot pour 02:00 UTC).
2026-01-13 03:00:45 [INFO] HistoryWorker: HISTORY 30min: Rotation des slots (nouveau slot pour 02:00 UTC).
2026-01-13 03:00:50 [INFO] HistoryWorker: HISTORY 30min: Rotation des slots (nouveau slot pour 02:00 UTC).
2026-01-13 03:00:55 [INFO] HistoryWorker: HISTORY 30min: Rotation des slots (nouveau slot pour 02:00 UTC).
2026-01-13 03:01:00 [INFO] HistoryWorker: HISTORY 30min: Rotation des slots (nouveau slot pour 02:00 UTC).
2026-01-13 03:01:11 [INFO] TelnetWorker: SPOT: J88IH (6m, FT8) -> SPD: 27 pts (Dist: 7087km)
2026-01-13 03:02:48 [INFO] TelnetWorker: SPOT: CR2WWA (80m, SSB) -> SPD: 18 pts (Dist: 2735km)
2026-01-13 03:05:04 [INFO] TelnetWorker: SPOT: TI5RTZ (20m, FT8) -> SPD: 29 pts (Dist: 9164km)
2026-01-13 03:05:20 [INFO] TelnetWorker: SPOT: K4C (40m, SSB) -> SPD: 27 pts (Dist: 7721km)
2026-01-13 03:05:40 [INFO] TelnetWorker: SPOT: KP5/NP3VI (20m, FT8) -> SPD: 92 pts (Dist: 7270km)
2026-01-13 03:05:50 [INFO] TelnetWorker: SPOT: FM5BH (80m, CW) -> SPD: 36 pts (Dist: 6964km)
2026-01-13 03:06:09 [INFO] TelnetWorker: SPOT: LR1WWA (40m, SSB) -> SPD: 30 pts (Dist: 10852km)
2026-01-13 03:06:42 [INFO] TelnetWorker: SPOT: KD0KIB (40m, SSB) -> SPD: 27 pts (Dist: 7721km)
2026-01-13 03:07:08 [INFO] TelnetWorker: SPOT: F1PBZ (160m, SSB) -> SPD: 10 pts (Dist: 365km)
2026-01-13 03:07:33 [INFO] TelnetWorker: SPOT: BI4SSB (15m, SSB) -> SPD: 42 pts (Dist: 7844km)
2026-01-13 03:07:36 [INFO] TelnetWorker: SPOT: 8A1A (15m, SSB) -> SPD: 45 pts (Dist: 11764km)
2026-01-13 03:10:29 [INFO] TelnetWorker: SPOT: RC7O (80m, FT8) -> SPD: 19 pts (Dist: 2865km)
2026-01-13 03:10:52 [INFO] TelnetWorker: SPOT: KP5/NP3VI (20m, FT8) -> SPD: 92 pts (Dist: 7270km)
2026-01-13 03:10:54 [INFO] TelnetWorker: SPOT: K2Y/8 (40m, CW) -> SPD: 37 pts (Dist: 7721km)
2026-01-13 03:11:07 [INFO] TelnetWorker: SPOT: W1AW/0 (160m, FT8) -> SPD: 27 pts (Dist: 7721km)
2026-01-13 03:11:43 [INFO] TelnetWorker: SPOT: UN/OH7O (30m, SSB) -> SPD: 23 pts (Dist: 4571km)
2026-01-13 03:12:04 [INFO] TelnetWorker: SPOT: FM5BH (80m, CW) -> SPD: 36 pts (Dist: 6964km)
2026-01-13 03:12:42 [INFO] TelnetWorker: SPOT: JA7QVI (20m, SSB) -> SPD: 29 pts (Dist: 9960km)
2026-01-13 03:16:35 [INFO] TelnetWorker: SPOT: 8A1A (17m, FT8) -> SPD: 30 pts (Dist: 11764km)
2026-01-13 03:17:11 [INFO] TelnetWorker: SPOT: BA3RA (20m, CW) -> SPD: 37 pts (Dist: 7844km)
2026-01-13 03:17:21 [INFO] TelnetWorker: SPOT: N0W (40m, SSB) -> SPD: 27 pts (Dist: 7721km)
2026-01-13 03:18:46 [INFO] TelnetWorker: SPOT: K4C (40m, SSB) -> SPD: 27 pts (Dist: 7721km)
2026-01-13 03:20:35 [INFO] TelnetWorker: SPOT: II4WWA (80m, FT8) -> SPD: 10 pts (Dist: 619km)
2026-01-13 03:21:01 [INFO] TelnetWorker: SPOT: KP5/NP3VI (20m, SSB) -> SPD: 92 pts (Dist: 7270km)
2026-01-13 03:21:41 [INFO] TelnetWorker: SPOT: HI4T (40m, SSB) -> SPD: 27 pts (Dist: 7420km)
2026-01-13 03:21:45 [INFO] TelnetWorker: SPOT: BI4SSB (10m, CW) -> SPD: 52 pts (Dist: 7844km)
2026-01-13 03:22:30 [INFO] TelnetWorker: SPOT: BY1RX (10m, CW) -> SPD: 52 pts (Dist: 7844km)
2026-01-13 03:22:33 [INFO] TelnetWorker: SPOT: DO2TM (80m, FT8) -> SPD: 10 pts (Dist: 915km)
2026-01-13 03:24:01 [INFO] TelnetWorker: SPOT: BI4SSB (15m, SSB) -> SPD: 42 pts (Dist: 7844km)
2026-01-13 03:24:44 [INFO] TickerWorker: Ticker mis à jour.
2026-01-13 03:29:02 [INFO] TelnetWorker: SPOT: KP5/NP3VI (20m, FT8) -> SPD: 92 pts (Dist: 7270km)
2026-01-13 03:29:22 [INFO] TelnetWorker: SPOT: BI4SSB (15m, CW) -> SPD: 52 pts (Dist: 7844km)
2026-01-13 03:29:27 [INFO] TelnetWorker: SPOT: CR2WWA (80m, SSB) -> SPD: 18 pts (Dist: 2735km)
2026-01-13 03:30:05 [INFO] HistoryWorker: HISTORY 30min: Rotation des slots (nouveau slot pour 02:01 UTC).
2026-01-13 03:30:10 [INFO] HistoryWorker: HISTORY 30min: Rotation des slots (nouveau slot pour 02:30 UTC).
2026-01-13 03:30:15 [INFO] HistoryWorker: HISTORY 30min: Rotation des slots (nouveau slot pour 02:30 UTC).
2026-01-13 03:30:20 [INFO] HistoryWorker: HISTORY 30min: Rotation des slots (nouveau slot pour 02:30 UTC).
2026-01-13 03:30:25 [INFO] HistoryWorker: HISTORY 30min: Rotation des slots (nouveau slot pour 02:30 UTC).
2026-01-13 03:30:30 [INFO] HistoryWorker: HISTORY 30min: Rotation des slots (nouveau slot pour 02:30 UTC).
2026-01-13 03:30:35 [INFO] HistoryWorker: HISTORY 30min: Rotation des slots (nouveau slot pour 02:30 UTC).
2026-01-13 03:30:40 [INFO] HistoryWorker: HISTORY 30min: Rotation des slots (nouveau slot pour 02:30 UTC).
2026-01-13 03:30:45 [INFO] HistoryWorker: HISTORY 30min: Rotation des slots (nouveau slot pour 02:30 UTC).
2026-01-13 03:30:50 [INFO] HistoryWorker: HISTORY 30min: Rotation des slots (nouveau slot pour 02:30 UTC).
2026-01-13 03:30:55 [INFO] HistoryWorker: HISTORY 30min: Rotation des slots (nouveau slot pour 02:30 UTC).
2026-01-13 03:31:00 [INFO] HistoryWorker: HISTORY 30min: Rotation des slots (nouveau slot pour 02:30 UTC).
2026-01-13 03:33:21 [INFO] TelnetWorker: SPOT: 8A1A (17m, FT8) -> SPD: 30 pts (Dist: 11764km)
2026-01-13 03:34:02 [INFO] TelnetWorker: SPOT: KP5/NP3VI (15m, CW) -> SPD: 100 pts (Dist: 7270km)
2026-01-13 03:34:49 [INFO] TelnetWorker: SPOT: YV5JDP (40m, CW) -> SPD: 37 pts (Dist: 7867km)
2026-01-13 03:34:56 [INFO] TelnetWorker: SPOT: BY1RX (20m, CW) -> SPD: 37 pts (Dist: 7844km)
2026-01-13 03:34:56 [INFO] TelnetWorker: SPOT: BI4SSB (15m, CW) -> SPD: 52 pts (Dist: 7844km)
2026-01-13 03:35:01 [INFO] TelnetWorker: SPOT: KP5/NP3VI (20m, FT8) -> SPD: 92 pts (Dist: 7270km)
2026-01-13 03:35:03 [INFO] TelnetWorker: SPOT: 8A1A (40m, SSB) -> SPD: 30 pts (Dist: 11764km)
2026-01-13 03:35:23 [INFO] TelnetWorker: SPOT: N0W (20m, SSB) -> SPD: 27 pts (Dist: 7721km)
2026-01-13 03:35:25 [INFO] TelnetWorker: ALERTE SURGE 20m: Détectée (3 spots / min)
2026-01-13 03:35:29 [INFO] TelnetWorker: SPOT: DU0WWA (15m, SSB) -> SPD: 45 pts (Dist: 11070km)
2026-01-13 03:35:57 [INFO] Thread-40520 (process_request_thread): FIN ALERTE SURGE 20m: L'activité a diminué.
2026-01-13 03:36:06 [INFO] TelnetWorker: SPOT: N2SCJ (23cm, FM) -> SPD: 57 pts (Dist: 7721km)
2026-01-13 03:36:13 [INFO] TelnetWorker: SPOT: NP3VI (30m, CW) -> SPD: 37 pts (Dist: 7155km)
2026-01-13 03:36:35 [INFO] TelnetWorker: SPOT: HC1DAZ (20m, FT8) -> SPD: 29 pts (Dist: 9583km)
2026-01-13 03:37:09 [INFO] TelnetWorker: SPOT: BI4SSB (10m, SSB) -> SPD: 42 pts (Dist: 7844km)
2026-01-13 03:38:54 [INFO] TelnetWorker: SPOT: CX1AR (20m, SSB) -> SPD: 30 pts (Dist: 10518km)
2026-01-13 03:39:07 [INFO] TelnetWorker: SPOT: VK3PF (40m, SSB) -> SPD: 30 pts (Dist: 14767km)
2026-01-13 03:39:11 [INFO] TelnetWorker: SPOT: WA1PBU (23cm, SSB) -> SPD: 57 pts (Dist: 7721km)
2026-01-13 03:40:04 [INFO] TelnetWorker: SPOT: KP5/NP3VI (20m, SSB) -> SPD: 92 pts (Dist: 7270km)
2026-01-13 03:40:34 [INFO] TelnetWorker: SPOT: KP5/NP3VI (30m, CW) -> SPD: 100 pts (Dist: 7270km)
2026-01-13 03:41:31 [INFO] TelnetWorker: SPOT: KP5/NP3VI (20m, SSB) -> SPD: 92 pts (Dist: 7270km)
2026-01-13 03:41:53 [INFO] TelnetWorker: SPOT: N6KK (6m, FT8) -> SPD: 27 pts (Dist: 7721km)
2026-01-13 03:42:38 [INFO] TelnetWorker: SPOT: II4WWA (40m, FT8) -> SPD: 10 pts (Dist: 619km)
2026-01-13 03:42:49 [INFO] TelnetWorker: SPOT: KP5/NP3VI (30m, CW) -> SPD: 100 pts (Dist: 7270km)
2026-01-13 03:43:36 [INFO] TelnetWorker: SPOT: OK1CF (160m, CW) -> SPD: 20 pts (Dist: 1105km)
2026-01-13 03:46:21 [INFO] TelnetWorker: SPOT: KP5/NP3VI (30m, CW) -> SPD: 100 pts (Dist: 7270km)
2026-01-13 03:47:30 [INFO] TelnetWorker: SPOT: 8A1A (15m, SSB) -> SPD: 45 pts (Dist: 11764km)
2026-01-13 03:48:37 [INFO] TelnetWorker: SPOT: KP5/NP3VI (20m, FT8) -> SPD: 92 pts (Dist: 7270km)
2026-01-13 03:48:45 [INFO] TelnetWorker: SPOT: 8A1A (40m, FT4) -> SPD: 30 pts (Dist: 11764km)
2026-01-13 03:50:20 [INFO] TelnetWorker: SPOT: BY1RX (15m, CW) -> SPD: 52 pts (Dist: 7844km)
2026-01-13 03:52:24 [INFO] TelnetWorker: SPOT: RX9T (80m, SSB) -> SPD: 24 pts (Dist: 5525km)
2026-01-13 03:52:36 [INFO] TelnetWorker: SPOT: WA2LTM (23cm, SSB) -> SPD: 57 pts (Dist: 7721km)
2026-01-13 03:54:37 [INFO] SolarWorker: SOLAR updated: SFI=113 A=18 K=4.33 (Kp=4.33)
2026-01-13 03:54:44 [INFO] TickerWorker: Ticker mis à jour.
2026-01-13 03:54:48 [INFO] TelnetWorker: SPOT: HC4ER (40m, SSB) -> SPD: 29 pts (Dist: 9583km)
2026-01-13 03:55:45 [INFO] TelnetWorker: SPOT: 8A1A (15m, FT8) -> SPD: 45 pts (Dist: 11764km)
2026-01-13 03:55:59 [INFO] TelnetWorker: SPOT: VE3WWJ (80m, SSB) -> SPD: 26 pts (Dist: 6391km)
2026-01-13 03:57:05 [INFO] TelnetWorker: SPOT: N1ROZ (23cm, SSB) -> SPD: 57 pts (Dist: 7721km)
2026-01-13 03:57:36 [INFO] TelnetWorker: SPOT: ZW5B (40m, SSB) -> SPD: 28 pts (Dist: 8338km)
2026-01-13 03:59:35 [INFO] TelnetWorker: SPOT: 8A1A (17m, SSB) -> SPD: 30 pts (Dist: 11764km)
2026-01-13 04:00:05 [INFO] HistoryWorker: HISTORY 30min: Rotation des slots (nouveau slot pour 02:31 UTC).
2026-01-13 04:00:10 [INFO] HistoryWorker: HISTORY 30min: Rotation des slots (nouveau slot pour 03:00 UTC).
2026-01-13 04:00:15 [INFO] HistoryWorker: HISTORY 30min: Rotation des slots (nouveau slot pour 03:00 UTC).
2026-01-13 04:00:20 [INFO] HistoryWorker: HISTORY 30min: Rotation des slots (nouveau slot pour 03:00 UTC).
2026-01-13 04:00:25 [INFO] HistoryWorker: HISTORY 30min: Rotation des slots (nouveau slot pour 03:00 UTC).
2026-01-13 04:00:30 [INFO] HistoryWorker: HISTORY 30min: Rotation des slots (nouveau slot pour 03:00 UTC).
2026-01-13 04:00:35 [INFO] HistoryWorker: HISTORY 30min: Rotation des slots (nouveau slot pour 03:00 UTC).
2026-01-13 04:00:40 [INFO] HistoryWorker: HISTORY 30min: Rotation des slots (nouveau slot pour 03:00 UTC).
2026-01-13 04:00:45 [INFO] HistoryWorker: HISTORY 30min: Rotation des slots (nouveau slot pour 03:00 UTC).
2026-01-13 04:00:50 [INFO] HistoryWorker: HISTORY 30min: Rotation des slots (nouveau slot pour 03:00 UTC).
2026-01-13 04:00:55 [INFO] HistoryWorker: HISTORY 30min: Rotation des slots (nouveau slot pour 03:00 UTC).
2026-01-13 04:01:00 [INFO] HistoryWorker: HISTORY 30min: Rotation des slots (nouveau slot pour 03:00 UTC).
2026-01-13 04:03:30 [INFO] TelnetWorker: SPOT: J38WG (80m, FT8) -> SPD: 27 pts (Dist: 7208km)
2026-01-13 04:03:56 [INFO] TelnetWorker: SPOT: BA3RA (20m, SSB) -> SPD: 27 pts (Dist: 7844km)
2026-01-13 04:04:07 [INFO] TelnetWorker: SPOT: KP5/NP3VI (30m, CW) -> SPD: 100 pts (Dist: 7270km)
2026-01-13 04:04:13 [INFO] TelnetWorker: SPOT: 3G9S (40m, SSB) -> SPD: 30 pts (Dist: 11240km)
2026-01-13 04:04:31 [INFO] TelnetWorker: SPOT: W1AW/4 (80m, FT4) -> SPD: 27 pts (Dist: 7721km)
2026-01-13 04:05:47 [INFO] TelnetWorker: SPOT: W4I (80m, SSB) -> SPD: 27 pts (Dist: 7155km)
2026-01-13 04:06:27 [INFO] TelnetWorker: SPOT: IN3TWX (80m, CW) -> SPD: 20 pts (Dist: 619km)
2026-01-13 04:06:38 [INFO] TelnetWorker: SPOT: W1AW/2 (Unknown, SSB) -> SPD: 27 pts (Dist: 7721km)
2026-01-13 04:06:48 [INFO] TelnetWorker: SPOT: N5TOO (40m, CW) -> SPD: 37 pts (Dist: 7721km)
2026-01-13 04:07:39 [INFO] TelnetWorker: SPOT: KO4VW (40m, CW) -> SPD: 40 pts (Dist: 12610km)
2026-01-13 04:08:20 [INFO] TelnetWorker: SPOT: K9WX (40m, CW) -> SPD: 37 pts (Dist: 7721km)
2026-01-13 04:08:42 [INFO] TelnetWorker: SPOT: N0TA (40m, SSB) -> SPD: 27 pts (Dist: 7721km)
2026-01-13 04:09:35 [INFO] TelnetWorker: SPOT: W6RIF (40m, CW) -> SPD: 37 pts (Dist: 7721km)
2026-01-13 04:09:42 [INFO] TelnetWorker: SPOT: J38WG (80m, SSB) -> SPD: 27 pts (Dist: 7208km)
2026-01-13 04:10:20 [INFO] TelnetWorker: SPOT: GB2WWA (80m, SSB) -> SPD: 11 pts (Dist: 1136km)
2026-01-13 04:11:03 [INFO] TelnetWorker: SPOT: VK3PF (40m, CW) -> SPD: 40 pts (Dist: 14767km)
2026-01-13 04:11:47 [INFO] TelnetWorker: SPOT: J88IH (80m, SSB) -> SPD: 27 pts (Dist: 7087km)
2026-01-13 04:12:11 [INFO] TelnetWorker: SPOT: N3QE (40m, CW) -> SPD: 37 pts (Dist: 7721km)
2026-01-13 04:12:27 [INFO] TelnetWorker: SPOT: 4S6ARW (20m, FT8) -> SPD: 28 pts (Dist: 8275km)
2026-01-13 04:13:34 [INFO] TelnetWorker: SPOT: PJ2ND (160m, CW) -> SPD: 37 pts (Dist: 7794km)
2026-01-13 04:13:44 [INFO] TelnetWorker: SPOT: NA4J (40m, CW) -> SPD: 37 pts (Dist: 7721km)
2026-01-13 04:14:14 [INFO] TelnetWorker: SPOT: PY2EVR (40m, SSB) -> SPD: 28 pts (Dist: 8338km)
2026-01-13 04:16:40 [INFO] TelnetWorker: SPOT: PY7ZC (40m, SSB) -> SPD: 28 pts (Dist: 8338km)
2026-01-13 04:16:55 [INFO] TelnetWorker: SPOT: TZ4AM (30m, CW) -> SPD: 29 pts (Dist: 2923km)
2026-01-13 04:17:10 [INFO] TelnetWorker: SPOT: 8A1A (15m, FT8) -> SPD: 45 pts (Dist: 11764km)
2026-01-13 04:18:18 [INFO] TelnetWorker: SPOT: II1WWA (80m, SSB) -> SPD: 10 pts (Dist: 619km)
2026-01-13 04:19:22 [INFO] TelnetWorker: SPOT: W0EAS (40m, CW) -> SPD: 37 pts (Dist: 7721km)
2026-01-13 04:19:35 [INFO] TelnetWorker: SPOT: RA2FCF (40m, FT8) -> SPD: 14 pts (Dist: 1676km)
2026-01-13 04:20:18 [INFO] TelnetWorker: SPOT: GJ0KYZ (80m, SSB) -> SPD: 10 pts (Dist: 841km)
2026-01-13 04:20:36 [INFO] TelnetWorker: SPOT: 8A1A (15m, SSB) -> SPD: 45 pts (Dist: 11764km)
2026-01-13 04:20:45 [INFO] TelnetWorker: SPOT: R6ZB (80m, SSB) -> SPD: 19 pts (Dist: 2865km)
2026-01-13 04:21:00 [INFO] TelnetWorker: SPOT: KP5/NP3VI (80m, CW) -> SPD: 100 pts (Dist: 7270km)
2026-01-13 04:21:02 [INFO] TelnetWorker: ALERTE SURGE 80m: Détectée (3 spots / min)
2026-01-13 04:21:20 [INFO] TelnetWorker: FIN ALERTE SURGE 80m: L'activité a diminué.
2026-01-13 04:22:27 [INFO] TelnetWorker: SPOT: W1AW/2 (Unknown, SSB) -> SPD: 27 pts (Dist: 7721km)
2026-01-13 04:22:37 [INFO] TelnetWorker: SPOT: KP5/NP3VI (20m, SSB) -> SPD: 92 pts (Dist: 7270km)
2026-01-13 04:23:21 [INFO] TelnetWorker: SPOT: 6W/DB1RUL (40m, FT8) -> SPD: 21 pts (Dist: 3656km)
2026-01-13 04:23:58 [INFO] TelnetWorker: SPOT: TZ4AM (30m, CW) -> SPD: 29 pts (Dist: 2923km)
2026-01-13 04:24:22 [INFO] TelnetWorker: SPOT: R6ZDJ (40m, SSB) -> SPD: 19 pts (Dist: 2865km)
2026-01-13 04:24:23 [INFO] TelnetWorker: SPOT: KM4FO (80m, CW) -> SPD: 37 pts (Dist: 7721km)
2026-01-13 04:24:44 [INFO] TickerWorker: Ticker mis à jour.
2026-01-13 04:24:53 [INFO] TelnetWorker: SPOT: K4PQC (80m, CW) -> SPD: 37 pts (Dist: 7721km)
2026-01-13 04:25:33 [INFO] TelnetWorker: SPOT: 4L8A (40m, CW) -> SPD: 30 pts (Dist: 3239km)
2026-01-13 04:25:34 [INFO] TelnetWorker: SPOT: KP5/NP3VI (20m, FT8) -> SPD: 92 pts (Dist: 7270km)
2026-01-13 04:26:42 [INFO] TelnetWorker: SPOT: K4C (40m, SSB) -> SPD: 27 pts (Dist: 7721km)
2026-01-13 04:27:52 [INFO] TelnetWorker: SPOT: J38WG (40m, FT8) -> SPD: 27 pts (Dist: 7208km)
2026-01-13 04:29:54 [INFO] TelnetWorker: SPOT: UB6OFG (40m, SSB) -> SPD: 19 pts (Dist: 2865km)
2026-01-13 04:30:05 [INFO] HistoryWorker: HISTORY 30min: Rotation des slots (nouveau slot pour 03:01 UTC).
2026-01-13 04:30:10 [INFO] HistoryWorker: HISTORY 30min: Rotation des slots (nouveau slot pour 03:30 UTC).
2026-01-13 04:30:15 [INFO] HistoryWorker: HISTORY 30min: Rotation des slots (nouveau slot pour 03:30 UTC).
2026-01-13 04:30:20 [INFO] HistoryWorker: HISTORY 30min: Rotation des slots (nouveau slot pour 03:30 UTC).
2026-01-13 04:30:25 [INFO] HistoryWorker: HISTORY 30min: Rotation des slots (nouveau slot pour 03:30 UTC).
2026-01-13 04:30:30 [INFO] HistoryWorker: HISTORY 30min: Rotation des slots (nouveau slot pour 03:30 UTC).
2026-01-13 04:30:35 [INFO] HistoryWorker: HISTORY 30min: Rotation des slots (nouveau slot pour 03:30 UTC).
2026-01-13 04:30:40 [INFO] HistoryWorker: HISTORY 30min: Rotation des slots (nouveau slot pour 03:30 UTC).
2026-01-13 04:30:45 [INFO] HistoryWorker: HISTORY 30min: Rotation des slots (nouveau slot pour 03:30 UTC).
2026-01-13 04:30:50 [INFO] HistoryWorker: HISTORY 30min: Rotation des slots (nouveau slot pour 03:30 UTC).
2026-01-13 04:30:55 [INFO] HistoryWorker: HISTORY 30min: Rotation des slots (nouveau slot pour 03:30 UTC).
2026-01-13 04:31:00 [INFO] HistoryWorker: HISTORY 30min: Rotation des slots (nouveau slot pour 03:30 UTC).
2026-01-13 04:33:30 [INFO] TelnetWorker: SPOT: N5TOO (80m, CW) -> SPD: 37 pts (Dist: 7721km)
2026-01-13 04:34:10 [INFO] TelnetWorker: SPOT: WE4AUB (80m, CW) -> SPD: 37 pts (Dist: 7721km)
2026-01-13 04:34:42 [INFO] TelnetWorker: SPOT: KP5/NP3VI (80m, CW) -> SPD: 100 pts (Dist: 7270km)
2026-01-13 04:35:52 [INFO] TelnetWorker: SPOT: WA0I (80m, CW) -> SPD: 37 pts (Dist: 7721km)
2026-01-13 04:35:54 [INFO] TelnetWorker: SPOT: 8A1A (40m, SSB) -> SPD: 30 pts (Dist: 11764km)
2026-01-13 04:36:43 [INFO] TelnetWorker: SPOT: ND9M (80m, CW) -> SPD: 37 pts (Dist: 7721km)
2026-01-13 04:37:22 [INFO] TelnetWorker: SPOT: PA40AA (160m, SSB) -> SPD: 10 pts (Dist: 977km)
2026-01-13 04:37:38 [INFO] TelnetWorker: SPOT: K4C (40m, SSB) -> SPD: 27 pts (Dist: 7721km)
2026-01-13 04:37:48 [INFO] TelnetWorker: SPOT: W0GAS (80m, CW) -> SPD: 37 pts (Dist: 7721km)
2026-01-13 04:38:59 [INFO] TelnetWorker: SPOT: VK3PF (20m, CW) -> SPD: 40 pts (Dist: 14767km)
2026-01-13 04:38:59 [INFO] TelnetWorker: SPOT: KP5/NP3VI (80m, CW) -> SPD: 100 pts (Dist: 7270km)
2026-01-13 04:39:09 [INFO] TelnetWorker: SPOT: N3QE (80m, CW) -> SPD: 37 pts (Dist: 7721km)
2026-01-13 04:39:27 [INFO] TelnetWorker: SPOT: KA0PQW (80m, CW) -> SPD: 37 pts (Dist: 7721km)
2026-01-13 04:39:29 [INFO] TelnetWorker: ALERTE SURGE 80m: Détectée (3 spots / min)
2026-01-13 04:40:01 [INFO] TelnetWorker: FIN ALERTE SURGE 80m: L'activité a diminué.
2026-01-13 04:40:04 [INFO] TelnetWorker: SPOT: KY4GS (80m, CW) -> SPD: 37 pts (Dist: 7721km)
2026-01-13 04:40:06 [INFO] Thread-42443 (process_request_thread): ALERTE SURGE 80m: Détectée (3 spots / min)
2026-01-13 04:40:10 [INFO] TelnetWorker: FIN ALERTE SURGE 80m: L'activité a diminué.
2026-01-13 04:40:27 [INFO] TelnetWorker: SPOT: N5TOO (80m, CW) -> SPD: 37 pts (Dist: 7721km)
2026-01-13 04:40:51 [INFO] TelnetWorker: SPOT: NA4J (80m, CW) -> SPD: 37 pts (Dist: 7721km)
2026-01-13 04:40:53 [INFO] TelnetWorker: ALERTE SURGE 80m: Détectée (3 spots / min)
2026-01-13 04:41:05 [INFO] TelnetWorker: FIN ALERTE SURGE 80m: L'activité a diminué.
2026-01-13 04:42:48 [INFO] TelnetWorker: SPOT: KP5/NP3VI (80m, CW) -> SPD: 100 pts (Dist: 7270km)
2026-01-13 04:45:38 [INFO] TelnetWorker: SPOT: VP2MAA (160m, SSB) -> SPD: 26 pts (Dist: 6906km)
2026-01-13 04:46:18 [INFO] TelnetWorker: SPOT: 4X5LL (40m, FT8) -> SPD: 19 pts (Dist: 2939km)
2026-01-13 04:47:46 [INFO] TelnetWorker: SPOT: 8A1A (15m, FT8) -> SPD: 45 pts (Dist: 11764km)
2026-01-13 04:48:28 [INFO] TelnetWorker: SPOT: KM4FO (80m, CW) -> SPD: 37 pts (Dist: 7721km)
2026-01-13 04:48:41 [INFO] TelnetWorker: SPOT: NP3VI (80m, CW) -> SPD: 52 pts (Dist: 7155km)
2026-01-13 04:48:56 [INFO] TelnetWorker: SPOT: 8A1A (40m, SSB) -> SPD: 30 pts (Dist: 11764km)
2026-01-13 04:49:58 [INFO] TelnetWorker: SPOT: KE2D (80m, CW) -> SPD: 37 pts (Dist: 7721km)
2026-01-13 04:52:05 [INFO] TelnetWorker: SPOT: KP5/NP3VI (40m, FT8) -> SPD: 92 pts (Dist: 7270km)
2026-01-13 04:52:29 [INFO] TelnetWorker: SPOT: VK3PF (17m, CW) -> SPD: 40 pts (Dist: 14767km)
2026-01-13 04:52:40 [INFO] TelnetWorker: SPOT: 3G9S (30m, SSB) -> SPD: 30 pts (Dist: 11240km)
2026-01-13 04:53:16 [INFO] TelnetWorker: SPOT: PJ2ND (160m, CW) -> SPD: 37 pts (Dist: 7794km)
2026-01-13 04:53:30 [INFO] TelnetWorker: SPOT: KP5/NP3VI (80m, CW) -> SPD: 100 pts (Dist: 7270km)
2026-01-13 04:54:37 [INFO] SolarWorker: SOLAR updated: SFI=113 A=18 K=3.67 (Kp=3.67)
2026-01-13 04:54:45 [INFO] TickerWorker: Ticker mis à jour.
2026-01-13 04:58:07 [INFO] TelnetWorker: SPOT: K4C (40m, SSB) -> SPD: 27 pts (Dist: 7721km)
2026-01-13 04:58:16 [INFO] TelnetWorker: SPOT: 3G9S (30m, SSB) -> SPD: 30 pts (Dist: 11240km)
2026-01-13 04:58:33 [INFO] TelnetWorker: SPOT: N3QE (160m, CW) -> SPD: 37 pts (Dist: 7721km)
2026-01-13 05:00:05 [INFO] HistoryWorker: HISTORY 30min: Rotation des slots (nouveau slot pour 03:31 UTC).
2026-01-13 05:00:10 [INFO] HistoryWorker: HISTORY 30min: Rotation des slots (nouveau slot pour 04:00 UTC).
2026-01-13 05:00:15 [INFO] HistoryWorker: HISTORY 30min: Rotation des slots (nouveau slot pour 04:00 UTC).
2026-01-13 05:00:20 [INFO] HistoryWorker: HISTORY 30min: Rotation des slots (nouveau slot pour 04:00 UTC).
2026-01-13 05:00:25 [INFO] HistoryWorker: HISTORY 30min: Rotation des slots (nouveau slot pour 04:00 UTC).
2026-01-13 05:00:27 [INFO] TelnetWorker: SPOT: BG0DXC (15m, CW) -> SPD: 52 pts (Dist: 7844km)
2026-01-13 05:00:30 [INFO] HistoryWorker: HISTORY 30min: Rotation des slots (nouveau slot pour 04:00 UTC).
2026-01-13 05:00:35 [INFO] HistoryWorker: HISTORY 30min: Rotation des slots (nouveau slot pour 04:00 UTC).
2026-01-13 05:00:36 [INFO] TelnetWorker: SPOT: KP5/NP3VI (80m, CW) -> SPD: 100 pts (Dist: 7270km)
2026-01-13 05:00:40 [INFO] HistoryWorker: HISTORY 30min: Rotation des slots (nouveau slot pour 04:00 UTC).
2026-01-13 05:00:45 [INFO] HistoryWorker: HISTORY 30min: Rotation des slots (nouveau slot pour 04:00 UTC).
2026-01-13 05:00:50 [INFO] HistoryWorker: HISTORY 30min: Rotation des slots (nouveau slot pour 04:00 UTC).
2026-01-13 05:00:55 [INFO] HistoryWorker: HISTORY 30min: Rotation des slots (nouveau slot pour 04:00 UTC).
2026-01-13 05:01:00 [INFO] HistoryWorker: HISTORY 30min: Rotation des slots (nouveau slot pour 04:00 UTC).
2026-01-13 05:01:17 [INFO] TelnetWorker: SPOT: 6W/DB1RUL (40m, SSB) -> SPD: 21 pts (Dist: 3656km)
2026-01-13 05:01:20 [INFO] TelnetWorker: SPOT: HG0NPJ (80m, SSB) -> SPD: 11 pts (Dist: 1185km)
2026-01-13 05:01:46 [INFO] TelnetWorker: SPOT: BY2WL (20m, CW) -> SPD: 37 pts (Dist: 7844km)
2026-01-13 05:02:36 [INFO] TelnetWorker: SPOT: J38WG (80m, SSB) -> SPD: 27 pts (Dist: 7208km)
2026-01-13 05:02:41 [INFO] TelnetWorker: SPOT: UP7WWA (80m, FT8) -> SPD: 23 pts (Dist: 4571km)
2026-01-13 05:02:52 [INFO] TelnetWorker: SPOT: K4C (40m, SSB) -> SPD: 27 pts (Dist: 7721km)
2026-01-13 05:03:27 [INFO] TelnetWorker: SPOT: P40AA (160m, CW) -> SPD: 37 pts (Dist: 7846km)
2026-01-13 05:04:43 [INFO] TelnetWorker: SPOT: K4C (40m, SSB) -> SPD: 27 pts (Dist: 7721km)
2026-01-13 05:06:36 [INFO] TelnetWorker: SPOT: WD4XE (80m, SSB) -> SPD: 27 pts (Dist: 7721km)
2026-01-13 05:06:52 [INFO] TelnetWorker: SPOT: W7ZR (160m, SSB) -> SPD: 27 pts (Dist: 7721km)
2026-01-13 05:06:56 [INFO] TelnetWorker: SPOT: K4C (40m, SSB) -> SPD: 27 pts (Dist: 7721km)
2026-01-13 05:07:53 [INFO] TelnetWorker: SPOT: IQ4JHE (40m, FT8) -> SPD: 10 pts (Dist: 619km)
2026-01-13 05:08:01 [INFO] TelnetWorker: SPOT: KE4S (80m, SSB) -> SPD: 27 pts (Dist: 7721km)
2026-01-13 05:08:56 [INFO] TelnetWorker: SPOT: KN4ZUJ (160m, SSB) -> SPD: 27 pts (Dist: 7721km)
2026-01-13 05:09:38 [INFO] TelnetWorker: SPOT: SP9JZU (80m, SSB) -> SPD: 12 pts (Dist: 1407km)
2026-01-13 05:09:52 [INFO] TelnetWorker: SPOT: VK3PF (20m, SSB) -> SPD: 30 pts (Dist: 14767km)
2026-01-13 05:10:37 [INFO] TelnetWorker: SPOT: KG1Z (80m, SSB) -> SPD: 27 pts (Dist: 7721km)
2026-01-13 05:11:31 [INFO] TelnetWorker: SPOT: 8A1A (15m, FT8) -> SPD: 45 pts (Dist: 11764km)
2026-01-13 05:12:46 [INFO] TelnetWorker: SPOT: DL7VEE (80m, SSB) -> SPD: 10 pts (Dist: 915km)
2026-01-13 05:13:05 [INFO] TelnetWorker: SPOT: KP5/NP3VI (40m, FT8) -> SPD: 92 pts (Dist: 7270km)
2026-01-13 05:13:39 [INFO] TelnetWorker: SPOT: K4YJ (160m, SSB) -> SPD: 27 pts (Dist: 7721km)
2026-01-13 05:13:45 [INFO] TelnetWorker: SPOT: N5MIG (80m, SSB) -> SPD: 27 pts (Dist: 7721km)
2026-01-13 05:14:20 [INFO] TelnetWorker: SPOT: KF8EYE (10m, FT8) -> SPD: 42 pts (Dist: 7721km)
2026-01-13 05:15:23 [INFO] TelnetWorker: SPOT: KP5/NP3VI (40m, FT8) -> SPD: 92 pts (Dist: 7270km)
2026-01-13 05:15:35 [INFO] TelnetWorker: SPOT: BY8MA (15m, SSB) -> SPD: 42 pts (Dist: 7844km)
2026-01-13 05:17:17 [INFO] TelnetWorker: SPOT: W8LHR (12m, SSB) -> SPD: 42 pts (Dist: 7721km)
2026-01-13 05:17:46 [INFO] TelnetWorker: SPOT: J38WG (80m, FT8) -> SPD: 27 pts (Dist: 7208km)
2026-01-13 05:18:45 [INFO] TelnetWorker: SPOT: N1QAE (160m, SSB) -> SPD: 27 pts (Dist: 7721km)
2026-01-13 05:21:19 [INFO] TelnetWorker: SPOT: IW0FFK (160m, SSB) -> SPD: 10 pts (Dist: 619km)
2026-01-13 05:22:37 [INFO] TelnetWorker: SPOT: VK3PF (15m, SSB) -> SPD: 45 pts (Dist: 14767km)
2026-01-13 05:23:26 [INFO] TelnetWorker: SPOT: BY8MA (15m, SSB) -> SPD: 42 pts (Dist: 7844km)
2026-01-13 05:23:39 [INFO] TelnetWorker: SPOT: K0IS (160m, SSB) -> SPD: 27 pts (Dist: 7721km)
2026-01-13 05:24:45 [INFO] TickerWorker: Ticker mis à jour.
2026-01-13 05:25:36 [INFO] TelnetWorker: SPOT: P40AA (160m, CW) -> SPD: 37 pts (Dist: 7846km)
2026-01-13 05:25:38 [INFO] TelnetWorker: SPOT: W3BBE (160m, FM) -> SPD: 27 pts (Dist: 7721km)
2026-01-13 05:28:58 [INFO] TelnetWorker: SPOT: ON7GB (160m, SSB) -> SPD: 10 pts (Dist: 801km)
2026-01-13 05:29:57 [INFO] TelnetWorker: SPOT: IQ4JHE (40m, FT8) -> SPD: 10 pts (Dist: 619km)
2026-01-13 05:30:05 [INFO] TelnetWorker: SPOT: KP5/NP3VI (40m, SSB) -> SPD: 92 pts (Dist: 7270km)
2026-01-13 05:30:05 [INFO] HistoryWorker: HISTORY 30min: Rotation des slots (nouveau slot pour 04:01 UTC).
2026-01-13 05:30:10 [INFO] HistoryWorker: HISTORY 30min: Rotation des slots (nouveau slot pour 04:30 UTC).
2026-01-13 05:30:15 [INFO] HistoryWorker: HISTORY 30min: Rotation des slots (nouveau slot pour 04:30 UTC).
2026-01-13 05:30:18 [INFO] TelnetWorker: SPOT: K2IRM (160m, SSB) -> SPD: 27 pts (Dist: 7721km)
2026-01-13 05:30:20 [INFO] HistoryWorker: HISTORY 30min: Rotation des slots (nouveau slot pour 04:30 UTC).
2026-01-13 05:30:25 [INFO] HistoryWorker: HISTORY 30min: Rotation des slots (nouveau slot pour 04:30 UTC).
2026-01-13 05:30:30 [INFO] HistoryWorker: HISTORY 30min: Rotation des slots (nouveau slot pour 04:30 UTC).
2026-01-13 05:30:35 [INFO] HistoryWorker: HISTORY 30min: Rotation des slots (nouveau slot pour 04:30 UTC).
2026-01-13 05:30:40 [INFO] HistoryWorker: HISTORY 30min: Rotation des slots (nouveau slot pour 04:30 UTC).
2026-01-13 05:30:40 [INFO] TelnetWorker: SPOT: 8A1A (15m, FT8) -> SPD: 45 pts (Dist: 11764km)
2026-01-13 05:30:45 [INFO] HistoryWorker: HISTORY 30min: Rotation des slots (nouveau slot pour 04:30 UTC).
2026-01-13 05:30:50 [INFO] HistoryWorker: HISTORY 30min: Rotation des slots (nouveau slot pour 04:30 UTC).
2026-01-13 05:30:55 [INFO] HistoryWorker: HISTORY 30min: Rotation des slots (nouveau slot pour 04:30 UTC).
2026-01-13 05:31:00 [INFO] HistoryWorker: HISTORY 30min: Rotation des slots (nouveau slot pour 04:30 UTC).
2026-01-13 05:31:12 [INFO] TelnetWorker: SPOT: VK3PF (30m, CW) -> SPD: 40 pts (Dist: 14767km)
2026-01-13 05:31:27 [INFO] TelnetWorker: SPOT: DA0WWA (40m, FT8) -> SPD: 10 pts (Dist: 915km)
2026-01-13 05:31:46 [INFO] TelnetWorker: SPOT: LZ1KU (80m, SSB) -> SPD: 14 pts (Dist: 1626km)
2026-01-13 05:33:25 [INFO] TelnetWorker: SPOT: IQ4JHE (80m, FT8) -> SPD: 10 pts (Dist: 619km)
2026-01-13 05:33:36 [INFO] TelnetWorker: SPOT: P40AA (80m, CW) -> SPD: 52 pts (Dist: 7846km)
2026-01-13 05:34:44 [INFO] TelnetWorker: SPOT: W1MLT (160m, SSB) -> SPD: 27 pts (Dist: 7721km)
2026-01-13 05:36:19 [INFO] TelnetWorker: SPOT: KP5/NP3VI (40m, SSB) -> SPD: 92 pts (Dist: 7270km)
2026-01-13 05:38:18 [INFO] Thread-44253 (process_request_thread): Spot TX: DX 3575.0 SX0W FT4
2026-01-13 05:38:18 [INFO] TelnetWorker: SPOT: SX0W (80m, FT4) -> SPD: 13 pts (Dist: 1452km)
2026-01-13 05:39:52 [INFO] Thread-44311 (process_request_thread): Spot TX: DX 3575.0 UT5MB FT4
2026-01-13 05:39:52 [INFO] TelnetWorker: SPOT: UT5MB (80m, FT4) -> SPD: 16 pts (Dist: 2025km)
2026-01-13 05:41:04 [INFO] Thread-44355 (process_request_thread): Spot TX: DX 3575.0 CR6WWA FT4
2026-01-13 05:41:04 [INFO] TelnetWorker: SPOT: CR6WWA (80m, FT4) -> SPD: 11 pts (Dist: 1169km)
2026-01-13 05:41:05 [INFO] TelnetWorker: SPOT: 8A1A (40m, SSB) -> SPD: 30 pts (Dist: 11764km)
2026-01-13 05:41:37 [INFO] TelnetWorker: SPOT: KP2M (160m, CW) -> SPD: 36 pts (Dist: 7047km)
2026-01-13 05:41:47 [INFO] TelnetWorker: SPOT: LZ26IPA (80m, FT8) -> SPD: 14 pts (Dist: 1626km)
2026-01-13 05:43:37 [INFO] TelnetWorker: SPOT: UW5ZO (160m, SSB) -> SPD: 16 pts (Dist: 2025km)
2026-01-13 05:44:04 [INFO] TelnetWorker: SPOT: KP5/NP3VI (40m, SSB) -> SPD: 92 pts (Dist: 7270km)
2026-01-13 05:46:52 [INFO] TelnetWorker: SPOT: CQ7WWA (40m, FT8) -> SPD: 11 pts (Dist: 1169km)
2026-01-13 05:47:51 [INFO] TelnetWorker: SPOT: 6W/DB1RUL (40m, SSB) -> SPD: 21 pts (Dist: 3656km)
2026-01-13 05:48:07 [INFO] TelnetWorker: SPOT: KP5/NP3VI (40m, FT8) -> SPD: 92 pts (Dist: 7270km)
2026-01-13 05:48:26 [INFO] TelnetWorker: SPOT: 9A5E (160m, SSB) -> SPD: 10 pts (Dist: 840km)
2026-01-13 05:48:46 [INFO] TelnetWorker: SPOT: DA0WWA (40m, FT8) -> SPD: 10 pts (Dist: 915km)
2026-01-13 05:48:48 [INFO] TelnetWorker: ALERTE SURGE 40m: Détectée (3 spots / min)
2026-01-13 05:48:52 [INFO] TelnetWorker: FIN ALERTE SURGE 40m: L'activité a diminué.
2026-01-13 05:49:31 [INFO] TelnetWorker: SPOT: II0WWA (80m, SSB) -> SPD: 10 pts (Dist: 619km)
2026-01-13 05:49:42 [INFO] TelnetWorker: SPOT: VK3PF (40m, SSB) -> SPD: 30 pts (Dist: 14767km)
2026-01-13 05:50:15 [INFO] TelnetWorker: SPOT: P40AA (30m, CW) -> SPD: 37 pts (Dist: 7846km)
2026-01-13 05:50:57 [INFO] TelnetWorker: SPOT: 9A2AJ (160m, SSB) -> SPD: 10 pts (Dist: 840km)
2026-01-13 05:51:28 [INFO] TelnetWorker: SPOT: 8A1A (15m, FT8) -> SPD: 45 pts (Dist: 11764km)
2026-01-13 05:51:29 [INFO] Thread-44702 (process_request_thread): Spot TX: DX 3575.0 SP9MOC FT4
2026-01-13 05:51:29 [INFO] TelnetWorker: SPOT: SP9MOC (80m, FT4) -> SPD: 12 pts (Dist: 1407km)
2026-01-13 05:52:16 [INFO] TelnetWorker: SPOT: KP5/NP3VI (30m, FT8) -> SPD: 92 pts (Dist: 7270km)
2026-01-13 05:52:25 [INFO] TelnetWorker: SPOT: P40AA (30m, CW) -> SPD: 37 pts (Dist: 7846km)
2026-01-13 05:53:21 [INFO] Thread-44807 (process_request_thread): Spot TX: DX 3575.0 CR2WWA FT4
2026-01-13 05:53:21 [INFO] TelnetWorker: SPOT: CR2WWA (80m, FT4) -> SPD: 18 pts (Dist: 2735km)
2026-01-13 05:53:28 [INFO] TelnetWorker: SPOT: KP5/NP3VI (30m, FT8) -> SPD: 92 pts (Dist: 7270km)
2026-01-13 05:54:38 [INFO] SolarWorker: SOLAR updated: SFI=113 A=18 K=3.67 (Kp=3.67)
2026-01-13 05:54:45 [INFO] TickerWorker: Ticker mis à jour.
2026-01-13 05:55:02 [INFO] TelnetWorker: SPOT: UP7WWA (20m, CW) -> SPD: 33 pts (Dist: 4571km)
2026-01-13 05:55:46 [INFO] TelnetWorker: SPOT: BY2WL (20m, CW) -> SPD: 37 pts (Dist: 7844km)
2026-01-13 05:55:53 [INFO] TelnetWorker: SPOT: KN4BNX (160m, SSB) -> SPD: 27 pts (Dist: 7721km)
2026-01-13 05:55:58 [INFO] TelnetWorker: SPOT: II0WWA (80m, SSB) -> SPD: 10 pts (Dist: 619km)
2026-01-13 05:56:39 [INFO] MainThread: Chargement de la base de données DXCC (cty.dat).
2026-01-13 05:56:39 [INFO] MainThread: Base de données DXCC chargée: 7093 préfixes.
2026-01-13 05:56:39 [INFO] MainThread: Watchlist chargée: 7 indicatifs.
2026-01-13 05:56:39 [INFO] MainThread: 
--- NEURAL v5.1 ---
2026-01-13 05:56:39 [INFO] MainThread: QTH de départ: JN23 (43.50, 5.00)
2026-01-13 05:56:39 [INFO] TelnetWorker: TelnetWorker démarré.
2026-01-13 05:56:39 [INFO] TelnetWorker: Tentative de connexion au Cluster: dxfun.com:8000 (1/3)
2026-01-13 05:56:39 [INFO] TickerWorker: TickerWorker démarré.
2026-01-13 05:56:39 [INFO] SolarWorker: SolarWorker démarré (update solar.xml toutes les heures).
2026-01-13 05:56:39 [INFO] HistoryWorker: HistoryWorker démarré (30min/12h).
2026-01-13 05:56:39 [INFO] MainThread: Tous les Workers ont été démarrés. Lancement du serveur Flask...
2026-01-13 05:56:39 [INFO] SolarWorker: SOLAR updated: SFI=113 A=18 K=3.67 (Kp=3.67)
2026-01-13 05:56:39 [INFO] TickerWorker: Ticker mis à jour.
2026-01-13 05:56:40 [INFO] TelnetWorker: Connexion établie sur dxfun.com:8000. Écoute des spots en cours.
2026-01-13 05:56:45 [INFO] TelnetWorker: SPOT: II0WWA (40m, SSB) -> SPD: 10 pts (Dist: 619km)
2026-01-13 05:57:14 [INFO] TelnetWorker: SPOT: DL8LAS (160m, CW) -> SPD: 20 pts (Dist: 915km)
2026-01-13 05:57:29 [INFO] TelnetWorker: SPOT: K0TNT (160m, SSB) -> SPD: 27 pts (Dist: 7721km)
2026-01-13 05:58:53 [INFO] TelnetWorker: SPOT: KP5/NP3VI (40m, SSB) -> SPD: 92 pts (Dist: 7270km)
2026-01-13 05:59:15 [INFO] TelnetWorker: SPOT: P40AA (30m, CW) -> SPD: 37 pts (Dist: 7846km)
2026-01-13 05:59:19 [INFO] TelnetWorker: SPOT: J38WG (40m, SSB) -> SPD: 27 pts (Dist: 7208km)
2026-01-13 06:00:05 [INFO] HistoryWorker: HISTORY 30min: Rotation des slots (nouveau slot pour 04:56 UTC).
2026-01-13 06:00:10 [INFO] HistoryWorker: HISTORY 30min: Rotation des slots (nouveau slot pour 05:00 UTC).
2026-01-13 06:00:15 [INFO] HistoryWorker: HISTORY 30min: Rotation des slots (nouveau slot pour 05:00 UTC).
2026-01-13 06:00:20 [INFO] HistoryWorker: HISTORY 30min: Rotation des slots (nouveau slot pour 05:00 UTC).
2026-01-13 06:00:22 [INFO] TelnetWorker: SPOT: OM5CM (160m, SSB) -> SPD: 12 pts (Dist: 1302km)
2026-01-13 06:00:25 [INFO] HistoryWorker: HISTORY 30min: Rotation des slots (nouveau slot pour 05:00 UTC).
2026-01-13 06:00:30 [INFO] HistoryWorker: HISTORY 30min: Rotation des slots (nouveau slot pour 05:00 UTC).
2026-01-13 06:00:35 [INFO] HistoryWorker: HISTORY 30min: Rotation des slots (nouveau slot pour 05:00 UTC).
2026-01-13 06:00:40 [INFO] HistoryWorker: HISTORY 30min: Rotation des slots (nouveau slot pour 05:00 UTC).
2026-01-13 06:00:45 [INFO] HistoryWorker: HISTORY 30min: Rotation des slots (nouveau slot pour 05:00 UTC).
2026-01-13 06:00:50 [INFO] HistoryWorker: HISTORY 30min: Rotation des slots (nouveau slot pour 05:00 UTC).
2026-01-13 06:00:55 [INFO] HistoryWorker: HISTORY 30min: Rotation des slots (nouveau slot pour 05:00 UTC).
2026-01-13 06:01:00 [INFO] HistoryWorker: HISTORY 30min: Rotation des slots (nouveau slot pour 05:00 UTC).
2026-01-13 06:02:56 [INFO] TelnetWorker: SPOT: SN3WWA (80m, CW) -> SPD: 22 pts (Dist: 1407km)
2026-01-13 06:03:18 [INFO] TelnetWorker: SPOT: P40AA (30m, CW) -> SPD: 37 pts (Dist: 7846km)
2026-01-13 06:03:43 [INFO] TelnetWorker: SPOT: OE6MDF (160m, SSB) -> SPD: 10 pts (Dist: 777km)
2026-01-13 06:03:51 [INFO] TelnetWorker: SPOT: II0WWA (80m, SSB) -> SPD: 10 pts (Dist: 619km)
2026-01-13 06:04:17 [INFO] TelnetWorker: SPOT: KP5/NP3VI (Unknown, SSB) -> SPD: 92 pts (Dist: 7270km)
2026-01-13 06:04:50 [INFO] TelnetWorker: SPOT: KP5/NP3VI (30m, CW) -> SPD: 100 pts (Dist: 7270km)
2026-01-13 06:04:57 [INFO] TelnetWorker: SPOT: NJ6D (160m, SSB) -> SPD: 27 pts (Dist: 7721km)
2026-01-13 06:04:57 [INFO] TelnetWorker: SPOT: BY2WL (17m, CW) -> SPD: 37 pts (Dist: 7844km)
2026-01-13 06:05:05 [INFO] TelnetWorker: SPOT: W1AW/4 (40m, FT8) -> SPD: 27 pts (Dist: 7721km)
2026-01-13 06:05:41 [INFO] TelnetWorker: SPOT: N9W (40m, FT4) -> SPD: 27 pts (Dist: 7721km)
2026-01-13 06:06:14 [INFO] TelnetWorker: SPOT: RU0LL (15m, CW) -> SPD: 49 pts (Dist: 5525km)
2026-01-13 06:06:59 [INFO] TelnetWorker: SPOT: PI4DX (80m, SSB) -> SPD: 10 pts (Dist: 977km)
2026-01-13 06:07:20 [INFO] TelnetWorker: SPOT: UG4C (80m, FT8) -> SPD: 19 pts (Dist: 2865km)
2026-01-13 06:08:56 [INFO] TelnetWorker: SPOT: BY2WL (17m, CW) -> SPD: 37 pts (Dist: 7844km)
2026-01-13 06:09:36 [INFO] TelnetWorker: SPOT: 8A1A (15m, FT8) -> SPD: 45 pts (Dist: 11764km)
2026-01-13 06:09:58 [INFO] TelnetWorker: SPOT: XE1AQY (80m, CW) -> SPD: 39 pts (Dist: 9544km)
2026-01-13 06:10:09 [INFO] TelnetWorker: SPOT: K3DFL (80m, FT4) -> SPD: 27 pts (Dist: 7721km)
2026-01-13 06:10:57 [INFO] TelnetWorker: SPOT: KK4HAM (160m, SSB) -> SPD: 27 pts (Dist: 7721km)
2026-01-13 06:11:02 [INFO] TelnetWorker: SPOT: KP5/NP3VI (30m, FT8) -> SPD: 92 pts (Dist: 7270km)
2026-01-13 06:11:27 [INFO] TelnetWorker: SPOT: XE2X (80m, SSB) -> SPD: 29 pts (Dist: 9544km)
2026-01-13 06:11:56 [INFO] TelnetWorker: SPOT: 8A1A (40m, SSB) -> SPD: 30 pts (Dist: 11764km)
2026-01-13 06:12:50 [INFO] TelnetWorker: SPOT: VE6WZ (160m, CW) -> SPD: 36 pts (Dist: 6391km)
2026-01-13 06:13:34 [INFO] TelnetWorker: SPOT: IQ4JHE (40m, FT8) -> SPD: 10 pts (Dist: 619km)
2026-01-13 06:13:46 [INFO] TelnetWorker: SPOT: II0WWA (40m, SSB) -> SPD: 10 pts (Dist: 619km)
2026-01-13 06:14:12 [INFO] TelnetWorker: SPOT: I0CNR (80m, FT8) -> SPD: 10 pts (Dist: 619km)
2026-01-13 06:14:57 [INFO] MainThread: Chargement de la base de données DXCC (cty.dat).
2026-01-13 06:14:57 [INFO] MainThread: Base de données DXCC chargée: 7093 préfixes.
2026-01-13 06:14:57 [INFO] MainThread: Watchlist chargée: 7 indicatifs.
2026-01-13 06:14:57 [INFO] MainThread: 
--- NEURAL v5.1 ---
2026-01-13 06:14:57 [INFO] MainThread: QTH de départ: JN23 (43.50, 5.00)
2026-01-13 06:14:57 [INFO] TelnetWorker: TelnetWorker démarré.
2026-01-13 06:14:57 [INFO] TickerWorker: TickerWorker démarré.
2026-01-13 06:14:57 [INFO] TelnetWorker: Tentative de connexion au Cluster: dxfun.com:8000 (1/3)
2026-01-13 06:14:57 [INFO] SolarWorker: SolarWorker démarré (update solar.xml toutes les heures).
2026-01-13 06:14:57 [INFO] HistoryWorker: HistoryWorker démarré (30min/12h).
2026-01-13 06:14:57 [INFO] MainThread: Tous les Workers ont été démarrés. Lancement du serveur Flask...
2026-01-13 06:14:57 [INFO] SolarWorker: SOLAR updated: SFI=113 A=18 K=3.67 (Kp=3.67)
2026-01-13 06:14:57 [INFO] TickerWorker: Ticker mis à jour.
2026-01-13 06:15:00 [INFO] TelnetWorker: Connexion établie sur dxfun.com:8000. Écoute des spots en cours.
2026-01-13 06:15:10 [INFO] TelnetWorker: SPOT: KJ4NQA (160m, SSB) -> SPD: 27 pts (Dist: 7721km)
2026-01-13 06:15:11 [INFO] TelnetWorker: SPOT: HK0/DF3TJ (80m, SSB) -> SPD: 28 pts (Dist: 8789km)
2026-01-13 06:15:29 [INFO] TelnetWorker: SPOT: OM5CM (40m, FT8) -> SPD: 12 pts (Dist: 1302km)
2026-01-13 06:16:17 [INFO] TelnetWorker: SPOT: GJ0KYZ (80m, FT8) -> SPD: 10 pts (Dist: 841km)
2026-01-13 06:17:00 [INFO] MainThread: Chargement de la base de données DXCC (cty.dat).
2026-01-13 06:17:00 [INFO] MainThread: Base de données DXCC chargée: 7093 préfixes.
2026-01-13 06:17:00 [INFO] MainThread: Watchlist chargée: 7 indicatifs.
2026-01-13 06:17:00 [INFO] MainThread: 
--- NEURAL v5.1 ---
2026-01-13 06:17:00 [INFO] MainThread: QTH de départ: JN23 (43.50, 5.00)
2026-01-13 06:17:00 [INFO] TelnetWorker: TelnetWorker démarré.
2026-01-13 06:17:00 [INFO] TickerWorker: TickerWorker démarré.
2026-01-13 06:17:00 [INFO] TelnetWorker: Tentative de connexion au Cluster: dxfun.com:8000 (1/3)
2026-01-13 06:17:00 [INFO] HistoryWorker: HistoryWorker démarré (30min/12h).
2026-01-13 06:17:00 [INFO] MainThread: Tous les Workers ont été démarrés. Lancement du serveur Flask...
2026-01-13 06:17:00 [INFO] SolarWorker: SolarWorker démarré (update solar.xml toutes les heures).
2026-01-13 06:17:01 [INFO] SolarWorker: SOLAR updated: SFI=113 A=18 K=3.67 (Kp=3.67)
2026-01-13 06:17:01 [INFO] TickerWorker: Ticker mis à jour.
2026-01-13 06:17:01 [INFO] TelnetWorker: Connexion établie sur dxfun.com:8000. Écoute des spots en cours.
2026-01-13 06:17:22 [INFO] TelnetWorker: SPOT: RC6OD (20m, SSB) -> SPD: 19 pts (Dist: 2865km)
2026-01-13 06:18:00 [INFO] TelnetWorker: SPOT: BY2WL (20m, CW) -> SPD: 37 pts (Dist: 7844km)
2026-01-13 06:18:32 [INFO] TelnetWorker: SPOT: 9Z4A (160m, SSB) -> SPD: 27 pts (Dist: 7309km)
2026-01-13 06:18:55 [INFO] TelnetWorker: SPOT: HR5/F2JD (80m, FT8) -> SPD: 29 pts (Dist: 9024km)
2026-01-13 06:19:02 [INFO] TelnetWorker: SPOT: AT3WWA (20m, CW) -> SPD: 36 pts (Dist: 6933km)
2026-01-13 06:20:30 [INFO] TelnetWorker: SPOT: RI0SP (20m, SSB) -> SPD: 19 pts (Dist: 2865km)
2026-01-13 06:21:18 [INFO] TelnetWorker: SPOT: F4HGF (80m, FT8) -> SPD: 10 pts (Dist: 365km)
2026-01-13 06:21:27 [INFO] TelnetWorker: SPOT: SN3WWA (80m, CW) -> SPD: 22 pts (Dist: 1407km)
2026-01-13 06:22:40 [INFO] TelnetWorker: SPOT: R5AV (80m, FT8) -> SPD: 19 pts (Dist: 2865km)
2026-01-13 06:23:53 [INFO] TelnetWorker: SPOT: W2VP (80m, SSB) -> SPD: 27 pts (Dist: 7721km)
2026-01-13 06:24:16 [INFO] TelnetWorker: SPOT: N9W (40m, FT8) -> SPD: 27 pts (Dist: 7721km)
2026-01-13 06:24:49 [INFO] Thread-304 (process_request_thread): Spot TX: DX 7074.0 9Y4DG ft8 -19
2026-01-13 06:24:50 [INFO] TelnetWorker: SPOT: 9Y4DG (40m, FT8) -> SPD: 27 pts (Dist: 7309km)
2026-01-13 06:25:05 [INFO] TelnetWorker: SPOT: WA3FET (80m, SSB) -> SPD: 27 pts (Dist: 7721km)
2026-01-13 06:25:07 [INFO] Thread-327 (process_request_thread): Retrait de la watchlist: W2VP
2026-01-13 06:25:07 [INFO] Thread-327 (process_request_thread): Watchlist sauvegardée avec 6 indicatifs.
2026-01-13 06:25:39 [INFO] TelnetWorker: SPOT: F5HSD (2m, SSB) -> SPD: 40 pts (Dist: 365km)
2026-01-13 06:25:43 [INFO] TelnetWorker: SPOT: BY1RX (15m, FT8) -> SPD: 42 pts (Dist: 7844km)
2026-01-13 06:25:57 [INFO] TelnetWorker: SPOT: EK/R3PND (20m, SSB) -> SPD: 35 pts (Dist: 3286km)
2026-01-13 06:26:41 [INFO] TelnetWorker: SPOT: N1W (40m, FT8) -> SPD: 27 pts (Dist: 7721km)
2026-01-13 06:26:48 [INFO] TelnetWorker: SPOT: II0WWA (80m, SSB) -> SPD: 10 pts (Dist: 619km)
2026-01-13 06:27:04 [INFO] Thread-422 (process_request_thread): Spot TX: DX 7074.0 HK3IFS ft8 -20
2026-01-13 06:27:04 [INFO] TelnetWorker: SPOT: HK3IFS (40m, FT8) -> SPD: 28 pts (Dist: 8739km)
2026-01-13 06:28:21 [INFO] TelnetWorker: SPOT: SV1LHZ (40m, SSB) -> SPD: 13 pts (Dist: 1452km)
2026-01-13 06:28:27 [INFO] TelnetWorker: SPOT: 8A1A (40m, SSB) -> SPD: 30 pts (Dist: 11764km)
2026-01-13 06:29:22 [INFO] TelnetWorker: SPOT: KP5/NP3VI (30m, FT8) -> SPD: 92 pts (Dist: 7270km)
2026-01-13 06:30:05 [INFO] HistoryWorker: HISTORY 30min: Rotation des slots (nouveau slot pour 05:17 UTC).
2026-01-13 06:30:10 [INFO] HistoryWorker: HISTORY 30min: Rotation des slots (nouveau slot pour 05:30 UTC).
2026-01-13 06:30:15 [INFO] TelnetWorker: SPOT: HR5/F2JD (80m, FT8) -> SPD: 29 pts (Dist: 9024km)
2026-01-13 06:30:15 [INFO] HistoryWorker: HISTORY 30min: Rotation des slots (nouveau slot pour 05:30 UTC).
2026-01-13 06:30:20 [INFO] HistoryWorker: HISTORY 30min: Rotation des slots (nouveau slot pour 05:30 UTC).
2026-01-13 06:30:25 [INFO] HistoryWorker: HISTORY 30min: Rotation des slots (nouveau slot pour 05:30 UTC).
2026-01-13 06:30:30 [INFO] HistoryWorker: HISTORY 30min: Rotation des slots (nouveau slot pour 05:30 UTC).
2026-01-13 06:30:35 [INFO] HistoryWorker: HISTORY 30min: Rotation des slots (nouveau slot pour 05:30 UTC).
2026-01-13 06:30:40 [INFO] HistoryWorker: HISTORY 30min: Rotation des slots (nouveau slot pour 05:30 UTC).
2026-01-13 06:30:45 [INFO] HistoryWorker: HISTORY 30min: Rotation des slots (nouveau slot pour 05:30 UTC).
2026-01-13 06:30:50 [INFO] HistoryWorker: HISTORY 30min: Rotation des slots (nouveau slot pour 05:30 UTC).
2026-01-13 06:30:55 [INFO] HistoryWorker: HISTORY 30min: Rotation des slots (nouveau slot pour 05:30 UTC).
2026-01-13 06:30:59 [INFO] TelnetWorker: SPOT: K0XV (160m, FT8) -> SPD: 27 pts (Dist: 7721km)
2026-01-13 06:31:00 [INFO] HistoryWorker: HISTORY 30min: Rotation des slots (nouveau slot pour 05:30 UTC).
2026-01-13 06:31:34 [INFO] TelnetWorker: SPOT: SX0W (30m, FT8) -> SPD: 13 pts (Dist: 1452km)
2026-01-13 06:32:42 [INFO] MainThread: Chargement de la base de données DXCC (cty.dat).
2026-01-13 06:32:42 [INFO] MainThread: Base de données DXCC chargée: 7093 préfixes.
2026-01-13 06:32:42 [INFO] MainThread: Watchlist chargée: 6 indicatifs.
2026-01-13 06:32:42 [INFO] MainThread: 
--- NEURAL v5.1 ---
2026-01-13 06:32:42 [INFO] MainThread: QTH de départ: JN23 (43.50, 5.00)
2026-01-13 06:32:42 [INFO] TelnetWorker: TelnetWorker démarré.
2026-01-13 06:32:42 [INFO] TickerWorker: TickerWorker démarré.
2026-01-13 06:32:42 [INFO] TelnetWorker: Tentative de connexion au Cluster: dxfun.com:8000 (1/3)
2026-01-13 06:32:42 [INFO] SolarWorker: SolarWorker démarré (update solar.xml toutes les heures).
2026-01-13 06:32:42 [INFO] HistoryWorker: HistoryWorker démarré (30min/12h).
2026-01-13 06:32:42 [INFO] MainThread: Tous les Workers ont été démarrés. Lancement du serveur Flask...
2026-01-13 06:32:42 [INFO] SolarWorker: SOLAR updated: SFI=113 A=18 K=3.67 (Kp=3.67)
2026-01-13 06:32:42 [INFO] TickerWorker: Ticker mis à jour.
2026-01-13 06:32:43 [INFO] TelnetWorker: Connexion établie sur dxfun.com:8000. Écoute des spots en cours.
2026-01-13 06:34:07 [INFO] TelnetWorker: SPOT: DL8AY (80m, FT8) -> SPD: 10 pts (Dist: 915km)
2026-01-13 06:36:16 [INFO] TelnetWorker: SPOT: SP9JMZ (80m, FT8) -> SPD: 12 pts (Dist: 1407km)
2026-01-13 06:36:19 [INFO] TelnetWorker: SPOT: JA2JRS (15m, CW) -> SPD: 54 pts (Dist: 9960km)
2026-01-13 06:36:54 [INFO] TelnetWorker: SPOT: JL1AQA (15m, CW) -> SPD: 54 pts (Dist: 9960km)
2026-01-13 06:37:01 [INFO] TelnetWorker: SPOT: G4OGI (10m, SSB) -> SPD: 26 pts (Dist: 1136km)
